<?xml version="1.0" encoding="utf-8"?><testsuites name="pytest tests"><testsuite name="pytest" errors="0" failures="23" skipped="0" tests="23" time="1.010" timestamp="2026-09-08T12:13:35.322246+08:00" hostname="HuangzhanpengdeMacBook-Pro.local"><testcase classname=".work.acceptance.lightweight-library-v1.architect_t2_regressions" name="test_metadata_never_overwrites_unowned_temporary_file[False]" time="0.007"><failure message="AssertionError: assert (False)&#10; +  where False = is_file()&#10; +    where is_file = PosixPath('/private/tmp/ll-t2r1-wh3z22lm/b/test_metadata_never_overwrites0/.work/library/papers/564428dc63dfe59725377fbcf0b108e1fcc3378b82f32c5b042ce861679da96f/source.json.tmp').is_file">../../../../acceptance/lightweight-library-v1/architect_t2_regressions.py:91: in test_metadata_never_overwrites_unowned_temporary_file
    assert path.is_file() and path.read_bytes() == original
E   AssertionError: assert (False)
E    +  where False = is_file()
E    +    where is_file = PosixPath('/private/tmp/ll-t2r1-wh3z22lm/b/test_metadata_never_overwrites0/.work/library/papers/564428dc63dfe59725377fbcf0b108e1fcc3378b82f32c5b042ce861679da96f/source.json.tmp').is_file</failure></testcase><testcase classname=".work.acceptance.lightweight-library-v1.architect_t2_regressions" name="test_metadata_never_overwrites_unowned_temporary_file[True]" time="0.005"><failure message="AssertionError: assert (False)&#10; +  where False = is_file()&#10; +    where is_file = PosixPath('/private/tmp/ll-t2r1-wh3z22lm/b/test_metadata_never_overwrites1/.work/library/papers/564428dc63dfe59725377fbcf0b108e1fcc3378b82f32c5b042ce861679da96f/source.json.tmp').is_file">../../../../acceptance/lightweight-library-v1/architect_t2_regressions.py:91: in test_metadata_never_overwrites_unowned_temporary_file
    assert path.is_file() and path.read_bytes() == original
E   AssertionError: assert (False)
E    +  where False = is_file()
E    +    where is_file = PosixPath('/private/tmp/ll-t2r1-wh3z22lm/b/test_metadata_never_overwrites1/.work/library/papers/564428dc63dfe59725377fbcf0b108e1fcc3378b82f32c5b042ce861679da96f/source.json.tmp').is_file</failure></testcase><testcase classname=".work.acceptance.lightweight-library-v1.architect_t2_regressions" name="test_native_add_workspace_lock_precedes_paper_layout" time="0.249"><failure message="AssertionError: assert not True&#10; +  where True = exists()&#10; +    where exists = (PosixPath('/private/tmp/ll-t2r1-wh3z22lm/b/test_native_add_workspace_lock0/.work/empty') / 'papers').exists">../../../../acceptance/lightweight-library-v1/architect_t2_regressions.py:101: in test_native_add_workspace_lock_precedes_paper_layout
    assert not (target / 'papers').exists()
E   AssertionError: assert not True
E    +  where True = exists()
E    +    where exists = (PosixPath('/private/tmp/ll-t2r1-wh3z22lm/b/test_native_add_workspace_lock0/.work/empty') / 'papers').exists</failure></testcase><testcase classname=".work.acceptance.lightweight-library-v1.architect_t2_regressions" name="test_archive_recovery_checks_moved_payload_again" time="0.007"><failure message="AssertionError: {'ok': True, 'status': 'OK', 'message': 'inspected recognized library operations', 'operations': [{'ok': True, 'status...s not copied or deleted', 'paper_id': 'sha256:564428dc63dfe59725377fbcf0b108e1fcc3378b82f32c5b042ce861679da96f', ...}]}&#10;assert True is False&#10; +  where True = &lt;built-in method get of dict object at 0x1057de8c0&gt;('ok')&#10; +    where &lt;built-in method get of dict object at 0x1057de8c0&gt; = {'ok': True, 'status': 'OK', 'message': 'inspected recognized library operations', 'operations': [{'ok': True, 'status...s not copied or deleted', 'paper_id': 'sha256:564428dc63dfe59725377fbcf0b108e1fcc3378b82f32c5b042ce861679da96f', ...}]}.get">../../../../acceptance/lightweight-library-v1/architect_t2_regressions.py:111: in test_archive_recovery_checks_moved_payload_again
    refused(lambda: library.recover_library(workspace))
../../../../acceptance/lightweight-library-v1/architect_t2_regressions.py:38: in refused
    assert result.get('ok') is False, result
E   AssertionError: {'ok': True, 'status': 'OK', 'message': 'inspected recognized library operations', 'operations': [{'ok': True, 'status...s not copied or deleted', 'paper_id': 'sha256:564428dc63dfe59725377fbcf0b108e1fcc3378b82f32c5b042ce861679da96f', ...}]}
E   assert True is False
E    +  where True = &lt;built-in method get of dict object at 0x1057de8c0&gt;('ok')
E    +    where &lt;built-in method get of dict object at 0x1057de8c0&gt; = {'ok': True, 'status': 'OK', 'message': 'inspected recognized library operations', 'operations': [{'ok': True, 'status...s not copied or deleted', 'paper_id': 'sha256:564428dc63dfe59725377fbcf0b108e1fcc3378b82f32c5b042ce861679da96f', ...}]}.get</failure></testcase><testcase classname=".work.acceptance.lightweight-library-v1.architect_t2_regressions" name="test_restore_recovery_checks_live_payload_again" time="0.007"><failure message="AssertionError: {'ok': True, 'status': 'OK', 'message': 'inspected recognized library operations', 'operations': [{'ok': True, 'status... 'status': 'OK', 'message': 'operation is already complete', 'operation_id': 'd2e1e55a7b6a3ad3937bd7c1f74e22d2', ...}]}&#10;assert True is False&#10; +  where True = &lt;built-in method get of dict object at 0x118181c00&gt;('ok')&#10; +    where &lt;built-in method get of dict object at 0x118181c00&gt; = {'ok': True, 'status': 'OK', 'message': 'inspected recognized library operations', 'operations': [{'ok': True, 'status... 'status': 'OK', 'message': 'operation is already complete', 'operation_id': 'd2e1e55a7b6a3ad3937bd7c1f74e22d2', ...}]}.get">../../../../acceptance/lightweight-library-v1/architect_t2_regressions.py:121: in test_restore_recovery_checks_live_payload_again
    refused(lambda: library.recover_library(workspace))
../../../../acceptance/lightweight-library-v1/architect_t2_regressions.py:38: in refused
    assert result.get('ok') is False, result
E   AssertionError: {'ok': True, 'status': 'OK', 'message': 'inspected recognized library operations', 'operations': [{'ok': True, 'status... 'status': 'OK', 'message': 'operation is already complete', 'operation_id': 'd2e1e55a7b6a3ad3937bd7c1f74e22d2', ...}]}
E   assert True is False
E    +  where True = &lt;built-in method get of dict object at 0x118181c00&gt;('ok')
E    +    where &lt;built-in method get of dict object at 0x118181c00&gt; = {'ok': True, 'status': 'OK', 'message': 'inspected recognized library operations', 'operations': [{'ok': True, 'status... 'status': 'OK', 'message': 'operation is already complete', 'operation_id': 'd2e1e55a7b6a3ad3937bd7c1f74e22d2', ...}]}.get</failure></testcase><testcase classname=".work.acceptance.lightweight-library-v1.architect_t2_regressions" name="test_replace_recovery_validates_staged_inventory_before_old_move" time="0.275"><failure message="AssertionError: {'ok': True, 'status': 'OK', 'message': 'inspected recognized library operations', 'operations': [{'ok': True, 'status...ed as prior-paper notes', 'paper_id': 'sha256:564428dc63dfe59725377fbcf0b108e1fcc3378b82f32c5b042ce861679da96f', ...}]}&#10;assert True is False&#10; +  where True = &lt;built-in method get of dict object at 0x11a010980&gt;('ok')&#10; +    where &lt;built-in method get of dict object at 0x11a010980&gt; = {'ok': True, 'status': 'OK', 'message': 'inspected recognized library operations', 'operations': [{'ok': True, 'status...ed as prior-paper notes', 'paper_id': 'sha256:564428dc63dfe59725377fbcf0b108e1fcc3378b82f32c5b042ce861679da96f', ...}]}.get">../../../../acceptance/lightweight-library-v1/architect_t2_regressions.py:131: in test_replace_recovery_validates_staged_inventory_before_old_move
    refused(lambda: library.recover_library(workspace))
../../../../acceptance/lightweight-library-v1/architect_t2_regressions.py:38: in refused
    assert result.get('ok') is False, result
E   AssertionError: {'ok': True, 'status': 'OK', 'message': 'inspected recognized library operations', 'operations': [{'ok': True, 'status...ed as prior-paper notes', 'paper_id': 'sha256:564428dc63dfe59725377fbcf0b108e1fcc3378b82f32c5b042ce861679da96f', ...}]}
E   assert True is False
E    +  where True = &lt;built-in method get of dict object at 0x11a010980&gt;('ok')
E    +    where &lt;built-in method get of dict object at 0x11a010980&gt; = {'ok': True, 'status': 'OK', 'message': 'inspected recognized library operations', 'operations': [{'ok': True, 'status...ed as prior-paper notes', 'paper_id': 'sha256:564428dc63dfe59725377fbcf0b108e1fcc3378b82f32c5b042ce861679da96f', ...}]}.get</failure></testcase><testcase classname=".work.acceptance.lightweight-library-v1.architect_t2_regressions" name="test_pre_staging_recovery_preserves_foreign_nested_content" time="0.012"><failure message="AssertionError: assert (False)&#10; +  where False = is_file()&#10; +    where is_file = PosixPath('/private/tmp/ll-t2r1-wh3z22lm/b/test_pre_staging_recovery_pres0/.work/library/.light-library/staging/1106a409932f38d318b1726cad4c5d19/workspace/user-note.md').is_file">../../../../acceptance/lightweight-library-v1/architect_t2_regressions.py:143: in test_pre_staging_recovery_preserves_foreign_nested_content
    assert extra.is_file() and extra.read_bytes() == b'Unrecognized user addition\n'
E   AssertionError: assert (False)
E    +  where False = is_file()
E    +    where is_file = PosixPath('/private/tmp/ll-t2r1-wh3z22lm/b/test_pre_staging_recovery_pres0/.work/library/.light-library/staging/1106a409932f38d318b1726cad4c5d19/workspace/user-note.md').is_file</failure></testcase><testcase classname=".work.acceptance.lightweight-library-v1.architect_t2_regressions" name="test_changed_journal_paths_are_refused_before_move" time="0.007"><failure message="AssertionError: {'ok': True, 'status': 'OK', 'message': 'inspected recognized library operations', 'operations': [{'ok': True, 'status...s not copied or deleted', 'paper_id': 'sha256:564428dc63dfe59725377fbcf0b108e1fcc3378b82f32c5b042ce861679da96f', ...}]}&#10;assert True is False&#10; +  where True = &lt;built-in method get of dict object at 0x118173440&gt;('ok')&#10; +    where &lt;built-in method get of dict object at 0x118173440&gt; = {'ok': True, 'status': 'OK', 'message': 'inspected recognized library operations', 'operations': [{'ok': True, 'status...s not copied or deleted', 'paper_id': 'sha256:564428dc63dfe59725377fbcf0b108e1fcc3378b82f32c5b042ce861679da96f', ...}]}.get">../../../../acceptance/lightweight-library-v1/architect_t2_regressions.py:153: in test_changed_journal_paths_are_refused_before_move
    refused(lambda: library.recover_library(workspace))
../../../../acceptance/lightweight-library-v1/architect_t2_regressions.py:38: in refused
    assert result.get('ok') is False, result
E   AssertionError: {'ok': True, 'status': 'OK', 'message': 'inspected recognized library operations', 'operations': [{'ok': True, 'status...s not copied or deleted', 'paper_id': 'sha256:564428dc63dfe59725377fbcf0b108e1fcc3378b82f32c5b042ce861679da96f', ...}]}
E   assert True is False
E    +  where True = &lt;built-in method get of dict object at 0x118173440&gt;('ok')
E    +    where &lt;built-in method get of dict object at 0x118173440&gt; = {'ok': True, 'status': 'OK', 'message': 'inspected recognized library operations', 'operations': [{'ok': True, 'status...s not copied or deleted', 'paper_id': 'sha256:564428dc63dfe59725377fbcf0b108e1fcc3378b82f32c5b042ce861679da96f', ...}]}.get</failure></testcase><testcase classname=".work.acceptance.lightweight-library-v1.architect_t2_regressions" name="test_exact_replace_retry_reuses_same_event" time="0.258"><failure message="AssertionError: {'ok': False, 'status': 'LIGHT_LIBRARY_INVALID', 'message': 'selected paper is not a complete live paper', 'paper_id': 'sha256:564428dc63dfe59725377fbcf0b108e1fcc3378b82f32c5b042ce861679da96f'}&#10;assert False is True&#10; +  where False = &lt;built-in method get of dict object at 0x11a0116c0&gt;('ok')&#10; +    where &lt;built-in method get of dict object at 0x11a0116c0&gt; = {'ok': False, 'status': 'LIGHT_LIBRARY_INVALID', 'message': 'selected paper is not a complete live paper', 'paper_id': 'sha256:564428dc63dfe59725377fbcf0b108e1fcc3378b82f32c5b042ce861679da96f'}.get">../../../../acceptance/lightweight-library-v1/architect_t2_regressions.py:160: in test_exact_replace_retry_reuses_same_event
    second = accepted(library.replace_paper(workspace, 'sha256:' + OLD, NEW_PDF))
             ^^^^^^^^^^^^^^^^^^^^^^^^^^^^^^^^^^^^^^^^^^^^^^^^^^^^^^^^^^^^^^^^^^^^
../../../../acceptance/lightweight-library-v1/architect_t2_regressions.py:29: in accepted
    assert result.get('ok') is True, result
E   AssertionError: {'ok': False, 'status': 'LIGHT_LIBRARY_INVALID', 'message': 'selected paper is not a complete live paper', 'paper_id': 'sha256:564428dc63dfe59725377fbcf0b108e1fcc3378b82f32c5b042ce861679da96f'}
E   assert False is True
E    +  where False = &lt;built-in method get of dict object at 0x11a0116c0&gt;('ok')
E    +    where &lt;built-in method get of dict object at 0x11a0116c0&gt; = {'ok': False, 'status': 'LIGHT_LIBRARY_INVALID', 'message': 'selected paper is not a complete live paper', 'paper_id': 'sha256:564428dc63dfe59725377fbcf0b108e1fcc3378b82f32c5b042ce861679da96f'}.get</failure></testcase><testcase classname=".work.acceptance.lightweight-library-v1.architect_t2_regressions" name="test_backup_rechecks_after_archive_construction_before_publish" time="0.002"><failure message="AssertionError: {'ok': True, 'status': 'OK', 'message': 'created a deterministic lightweight workspace backup', 'archive_path': '/private/tmp/ll-t2r1-wh3z22lm/b/test_backup_rechecks_after_arc0/.work/backup.zip', ...}&#10;assert True is False&#10; +  where True = &lt;built-in method get of dict object at 0x11a1217c0&gt;('ok')&#10; +    where &lt;built-in method get of dict object at 0x11a1217c0&gt; = {'ok': True, 'status': 'OK', 'message': 'created a deterministic lightweight workspace backup', 'archive_path': '/private/tmp/ll-t2r1-wh3z22lm/b/test_backup_rechecks_after_arc0/.work/backup.zip', ...}.get">../../../../acceptance/lightweight-library-v1/architect_t2_regressions.py:170: in test_backup_rechecks_after_archive_construction_before_publish
    refused(lambda: backup.create_backup(workspace, output=output))
../../../../acceptance/lightweight-library-v1/architect_t2_regressions.py:38: in refused
    assert result.get('ok') is False, result
E   AssertionError: {'ok': True, 'status': 'OK', 'message': 'created a deterministic lightweight workspace backup', 'archive_path': '/private/tmp/ll-t2r1-wh3z22lm/b/test_backup_rechecks_after_arc0/.work/backup.zip', ...}
E   assert True is False
E    +  where True = &lt;built-in method get of dict object at 0x11a1217c0&gt;('ok')
E    +    where &lt;built-in method get of dict object at 0x11a1217c0&gt; = {'ok': True, 'status': 'OK', 'message': 'created a deterministic lightweight workspace backup', 'archive_path': '/private/tmp/ll-t2r1-wh3z22lm/b/test_backup_rechecks_after_arc0/.work/backup.zip', ...}.get</failure></testcase><testcase classname=".work.acceptance.lightweight-library-v1.architect_t2_regressions" name="test_restore_preserves_existing_archived_restoration_record" time="0.003"><failure message="assert b'{&quot;destinati...ork/small&quot;}\n' == b'{&quot;user_reco...al record&quot;}\n'&#10;  &#10;  At index 2 diff: b'd' != b'u'&#10;  Use -v to get more diff">../../../../acceptance/lightweight-library-v1/architect_t2_regressions.py:186: in test_restore_preserves_existing_archived_restoration_record
    assert (restored / '.light-library/restoration.json').read_bytes() == original
E   assert b'{"destinati...ork/small"}\n' == b'{"user_reco...al record"}\n'
E     
E     At index 2 diff: b'd' != b'u'
E     Use -v to get more diff</failure></testcase><testcase classname=".work.acceptance.lightweight-library-v1.architect_t2_regressions" name="test_backup_of_restored_workspace_preserves_prior_record" time="0.004"><failure message="AssertionError: .light-library/restoration.json&#10;assert b'{&quot;destinati...t-restore&quot;}\n' == b'{&quot;destinati...ork/small&quot;}\n'&#10;  &#10;  At index 86 diff: b's' != b'f'&#10;  Use -v to get more diff">../../../../acceptance/lightweight-library-v1/architect_t2_regressions.py:204: in test_backup_of_restored_workspace_preserves_prior_record
    assert (second_root / relative).read_bytes() == data, relative
E   AssertionError: .light-library/restoration.json
E   assert b'{"destinati...t-restore"}\n' == b'{"destinati...ork/small"}\n'
E     
E     At index 86 diff: b's' != b'f'
E     Use -v to get more diff</failure></testcase><testcase classname=".work.acceptance.lightweight-library-v1.architect_t2_regressions" name="test_verify_validates_all_manifest_identity_and_rows[workspace-id]" time="0.002"><failure message="AssertionError: {'ok': True, 'status': 'OK', 'message': 'backup archive is valid', 'schema': 'video-paper-wiki.light-backup.v1', ...}&#10;assert True is False&#10; +  where True = &lt;built-in method get of dict object at 0x11806d280&gt;('ok')&#10; +    where &lt;built-in method get of dict object at 0x11806d280&gt; = {'ok': True, 'status': 'OK', 'message': 'backup archive is valid', 'schema': 'video-paper-wiki.light-backup.v1', ...}.get">../../../../acceptance/lightweight-library-v1/architect_t2_regressions.py:252: in test_verify_validates_all_manifest_identity_and_rows
    refused(lambda: backup.verify_backup(target))
../../../../acceptance/lightweight-library-v1/architect_t2_regressions.py:38: in refused
    assert result.get('ok') is False, result
E   AssertionError: {'ok': True, 'status': 'OK', 'message': 'backup archive is valid', 'schema': 'video-paper-wiki.light-backup.v1', ...}
E   assert True is False
E    +  where True = &lt;built-in method get of dict object at 0x11806d280&gt;('ok')
E    +    where &lt;built-in method get of dict object at 0x11806d280&gt; = {'ok': True, 'status': 'OK', 'message': 'backup archive is valid', 'schema': 'video-paper-wiki.light-backup.v1', ...}.get</failure></testcase><testcase classname=".work.acceptance.lightweight-library-v1.architect_t2_regressions" name="test_verify_validates_all_manifest_identity_and_rows[workspace-root]" time="0.002"><failure message="AssertionError: {'ok': True, 'status': 'OK', 'message': 'backup archive is valid', 'schema': 'video-paper-wiki.light-backup.v1', ...}&#10;assert True is False&#10; +  where True = &lt;built-in method get of dict object at 0x1070d3580&gt;('ok')&#10; +    where &lt;built-in method get of dict object at 0x1070d3580&gt; = {'ok': True, 'status': 'OK', 'message': 'backup archive is valid', 'schema': 'video-paper-wiki.light-backup.v1', ...}.get">../../../../acceptance/lightweight-library-v1/architect_t2_regressions.py:252: in test_verify_validates_all_manifest_identity_and_rows
    refused(lambda: backup.verify_backup(target))
../../../../acceptance/lightweight-library-v1/architect_t2_regressions.py:38: in refused
    assert result.get('ok') is False, result
E   AssertionError: {'ok': True, 'status': 'OK', 'message': 'backup archive is valid', 'schema': 'video-paper-wiki.light-backup.v1', ...}
E   assert True is False
E    +  where True = &lt;built-in method get of dict object at 0x1070d3580&gt;('ok')
E    +    where &lt;built-in method get of dict object at 0x1070d3580&gt; = {'ok': True, 'status': 'OK', 'message': 'backup archive is valid', 'schema': 'video-paper-wiki.light-backup.v1', ...}.get</failure></testcase><testcase classname=".work.acceptance.lightweight-library-v1.architect_t2_regressions" name="test_verify_validates_all_manifest_identity_and_rows[extra-row]" time="0.002"><failure message="AssertionError: {'ok': True, 'status': 'OK', 'message': 'backup archive is valid', 'schema': 'video-paper-wiki.light-backup.v1', ...}&#10;assert True is False&#10; +  where True = &lt;built-in method get of dict object at 0x10705cd00&gt;('ok')&#10; +    where &lt;built-in method get of dict object at 0x10705cd00&gt; = {'ok': True, 'status': 'OK', 'message': 'backup archive is valid', 'schema': 'video-paper-wiki.light-backup.v1', ...}.get">../../../../acceptance/lightweight-library-v1/architect_t2_regressions.py:252: in test_verify_validates_all_manifest_identity_and_rows
    refused(lambda: backup.verify_backup(target))
../../../../acceptance/lightweight-library-v1/architect_t2_regressions.py:38: in refused
    assert result.get('ok') is False, result
E   AssertionError: {'ok': True, 'status': 'OK', 'message': 'backup archive is valid', 'schema': 'video-paper-wiki.light-backup.v1', ...}
E   assert True is False
E    +  where True = &lt;built-in method get of dict object at 0x10705cd00&gt;('ok')
E    +    where &lt;built-in method get of dict object at 0x10705cd00&gt; = {'ok': True, 'status': 'OK', 'message': 'backup archive is valid', 'schema': 'video-paper-wiki.light-backup.v1', ...}.get</failure></testcase><testcase classname=".work.acceptance.lightweight-library-v1.architect_t2_regressions" name="test_verify_validates_all_manifest_identity_and_rows[exclusions]" time="0.002"><failure message="AssertionError: {'ok': True, 'status': 'OK', 'message': 'backup archive is valid', 'schema': 'video-paper-wiki.light-backup.v1', ...}&#10;assert True is False&#10; +  where True = &lt;built-in method get of dict object at 0x1180bffc0&gt;('ok')&#10; +    where &lt;built-in method get of dict object at 0x1180bffc0&gt; = {'ok': True, 'status': 'OK', 'message': 'backup archive is valid', 'schema': 'video-paper-wiki.light-backup.v1', ...}.get">../../../../acceptance/lightweight-library-v1/architect_t2_regressions.py:252: in test_verify_validates_all_manifest_identity_and_rows
    refused(lambda: backup.verify_backup(target))
../../../../acceptance/lightweight-library-v1/architect_t2_regressions.py:38: in refused
    assert result.get('ok') is False, result
E   AssertionError: {'ok': True, 'status': 'OK', 'message': 'backup archive is valid', 'schema': 'video-paper-wiki.light-backup.v1', ...}
E   assert True is False
E    +  where True = &lt;built-in method get of dict object at 0x1180bffc0&gt;('ok')
E    +    where &lt;built-in method get of dict object at 0x1180bffc0&gt; = {'ok': True, 'status': 'OK', 'message': 'backup archive is valid', 'schema': 'video-paper-wiki.light-backup.v1', ...}.get</failure></testcase><testcase classname=".work.acceptance.lightweight-library-v1.architect_t2_regressions" name="test_verify_validates_all_manifest_identity_and_rows[trailing-nonobject-file]" time="0.002"><failure message="AssertionError: {'ok': True, 'status': 'OK', 'message': 'backup archive is valid', 'schema': 'video-paper-wiki.light-backup.v1', ...}&#10;assert True is False&#10; +  where True = &lt;built-in method get of dict object at 0x106f3e480&gt;('ok')&#10; +    where &lt;built-in method get of dict object at 0x106f3e480&gt; = {'ok': True, 'status': 'OK', 'message': 'backup archive is valid', 'schema': 'video-paper-wiki.light-backup.v1', ...}.get">../../../../acceptance/lightweight-library-v1/architect_t2_regressions.py:252: in test_verify_validates_all_manifest_identity_and_rows
    refused(lambda: backup.verify_backup(target))
../../../../acceptance/lightweight-library-v1/architect_t2_regressions.py:38: in refused
    assert result.get('ok') is False, result
E   AssertionError: {'ok': True, 'status': 'OK', 'message': 'backup archive is valid', 'schema': 'video-paper-wiki.light-backup.v1', ...}
E   assert True is False
E    +  where True = &lt;built-in method get of dict object at 0x106f3e480&gt;('ok')
E    +    where &lt;built-in method get of dict object at 0x106f3e480&gt; = {'ok': True, 'status': 'OK', 'message': 'backup archive is valid', 'schema': 'video-paper-wiki.light-backup.v1', ...}.get</failure></testcase><testcase classname=".work.acceptance.lightweight-library-v1.architect_t2_regressions" name="test_verify_enforces_fixed_zip_member_metadata[symlink-mode]" time="0.002"><failure message="AssertionError: {'ok': True, 'status': 'OK', 'message': 'backup archive is valid', 'schema': 'video-paper-wiki.light-backup.v1', ...}&#10;assert True is False&#10; +  where True = &lt;built-in method get of dict object at 0x1180bd7c0&gt;('ok')&#10; +    where &lt;built-in method get of dict object at 0x1180bd7c0&gt; = {'ok': True, 'status': 'OK', 'message': 'backup archive is valid', 'schema': 'video-paper-wiki.light-backup.v1', ...}.get">../../../../acceptance/lightweight-library-v1/architect_t2_regressions.py:277: in test_verify_enforces_fixed_zip_member_metadata
    refused(lambda: backup.verify_backup(target))
../../../../acceptance/lightweight-library-v1/architect_t2_regressions.py:38: in refused
    assert result.get('ok') is False, result
E   AssertionError: {'ok': True, 'status': 'OK', 'message': 'backup archive is valid', 'schema': 'video-paper-wiki.light-backup.v1', ...}
E   assert True is False
E    +  where True = &lt;built-in method get of dict object at 0x1180bd7c0&gt;('ok')
E    +    where &lt;built-in method get of dict object at 0x1180bd7c0&gt; = {'ok': True, 'status': 'OK', 'message': 'backup archive is valid', 'schema': 'video-paper-wiki.light-backup.v1', ...}.get</failure></testcase><testcase classname=".work.acceptance.lightweight-library-v1.architect_t2_regressions" name="test_verify_enforces_fixed_zip_member_metadata[public-mode]" time="0.002"><failure message="AssertionError: {'ok': True, 'status': 'OK', 'message': 'backup archive is valid', 'schema': 'video-paper-wiki.light-backup.v1', ...}&#10;assert True is False&#10; +  where True = &lt;built-in method get of dict object at 0x11a120880&gt;('ok')&#10; +    where &lt;built-in method get of dict object at 0x11a120880&gt; = {'ok': True, 'status': 'OK', 'message': 'backup archive is valid', 'schema': 'video-paper-wiki.light-backup.v1', ...}.get">../../../../acceptance/lightweight-library-v1/architect_t2_regressions.py:277: in test_verify_enforces_fixed_zip_member_metadata
    refused(lambda: backup.verify_backup(target))
../../../../acceptance/lightweight-library-v1/architect_t2_regressions.py:38: in refused
    assert result.get('ok') is False, result
E   AssertionError: {'ok': True, 'status': 'OK', 'message': 'backup archive is valid', 'schema': 'video-paper-wiki.light-backup.v1', ...}
E   assert True is False
E    +  where True = &lt;built-in method get of dict object at 0x11a120880&gt;('ok')
E    +    where &lt;built-in method get of dict object at 0x11a120880&gt; = {'ok': True, 'status': 'OK', 'message': 'backup archive is valid', 'schema': 'video-paper-wiki.light-backup.v1', ...}.get</failure></testcase><testcase classname=".work.acceptance.lightweight-library-v1.architect_t2_regressions" name="test_verify_enforces_fixed_zip_member_metadata[manifest-time]" time="0.002"><failure message="AssertionError: {'ok': True, 'status': 'OK', 'message': 'backup archive is valid', 'schema': 'video-paper-wiki.light-backup.v1', ...}&#10;assert True is False&#10; +  where True = &lt;built-in method get of dict object at 0x11a0bb700&gt;('ok')&#10; +    where &lt;built-in method get of dict object at 0x11a0bb700&gt; = {'ok': True, 'status': 'OK', 'message': 'backup archive is valid', 'schema': 'video-paper-wiki.light-backup.v1', ...}.get">../../../../acceptance/lightweight-library-v1/architect_t2_regressions.py:277: in test_verify_enforces_fixed_zip_member_metadata
    refused(lambda: backup.verify_backup(target))
../../../../acceptance/lightweight-library-v1/architect_t2_regressions.py:38: in refused
    assert result.get('ok') is False, result
E   AssertionError: {'ok': True, 'status': 'OK', 'message': 'backup archive is valid', 'schema': 'video-paper-wiki.light-backup.v1', ...}
E   assert True is False
E    +  where True = &lt;built-in method get of dict object at 0x11a0bb700&gt;('ok')
E    +    where &lt;built-in method get of dict object at 0x11a0bb700&gt; = {'ok': True, 'status': 'OK', 'message': 'backup archive is valid', 'schema': 'video-paper-wiki.light-backup.v1', ...}.get</failure></testcase><testcase classname=".work.acceptance.lightweight-library-v1.architect_t2_regressions" name="test_verify_enforces_fixed_zip_member_metadata[extra-field]" time="0.002"><failure message="AssertionError: {'ok': True, 'status': 'OK', 'message': 'backup archive is valid', 'schema': 'video-paper-wiki.light-backup.v1', ...}&#10;assert True is False&#10; +  where True = &lt;built-in method get of dict object at 0x118187ec0&gt;('ok')&#10; +    where &lt;built-in method get of dict object at 0x118187ec0&gt; = {'ok': True, 'status': 'OK', 'message': 'backup archive is valid', 'schema': 'video-paper-wiki.light-backup.v1', ...}.get">../../../../acceptance/lightweight-library-v1/architect_t2_regressions.py:277: in test_verify_enforces_fixed_zip_member_metadata
    refused(lambda: backup.verify_backup(target))
../../../../acceptance/lightweight-library-v1/architect_t2_regressions.py:38: in refused
    assert result.get('ok') is False, result
E   AssertionError: {'ok': True, 'status': 'OK', 'message': 'backup archive is valid', 'schema': 'video-paper-wiki.light-backup.v1', ...}
E   assert True is False
E    +  where True = &lt;built-in method get of dict object at 0x118187ec0&gt;('ok')
E    +    where &lt;built-in method get of dict object at 0x118187ec0&gt; = {'ok': True, 'status': 'OK', 'message': 'backup archive is valid', 'schema': 'video-paper-wiki.light-backup.v1', ...}.get</failure></testcase><testcase classname=".work.acceptance.lightweight-library-v1.architect_t2_regressions" name="test_verify_enforces_fixed_zip_member_metadata[zip64-version]" time="0.002"><failure message="AssertionError: {'ok': True, 'status': 'OK', 'message': 'backup archive is valid', 'schema': 'video-paper-wiki.light-backup.v1', ...}&#10;assert True is False&#10; +  where True = &lt;built-in method get of dict object at 0x1180bd400&gt;('ok')&#10; +    where &lt;built-in method get of dict object at 0x1180bd400&gt; = {'ok': True, 'status': 'OK', 'message': 'backup archive is valid', 'schema': 'video-paper-wiki.light-backup.v1', ...}.get">../../../../acceptance/lightweight-library-v1/architect_t2_regressions.py:277: in test_verify_enforces_fixed_zip_member_metadata
    refused(lambda: backup.verify_backup(target))
../../../../acceptance/lightweight-library-v1/architect_t2_regressions.py:38: in refused
    assert result.get('ok') is False, result
E   AssertionError: {'ok': True, 'status': 'OK', 'message': 'backup archive is valid', 'schema': 'video-paper-wiki.light-backup.v1', ...}
E   assert True is False
E    +  where True = &lt;built-in method get of dict object at 0x1180bd400&gt;('ok')
E    +    where &lt;built-in method get of dict object at 0x1180bd400&gt; = {'ok': True, 'status': 'OK', 'message': 'backup archive is valid', 'schema': 'video-paper-wiki.light-backup.v1', ...}.get</failure></testcase><testcase classname=".work.acceptance.lightweight-library-v1.architect_t2_regressions" name="test_backup_input_chain_cannot_traverse_symlink" time="0.002"><failure message="AssertionError: {'ok': True, 'status': 'OK', 'message': 'backup archive is valid', 'schema': 'video-paper-wiki.light-backup.v1', ...}&#10;assert True is False&#10; +  where True = &lt;built-in method get of dict object at 0x11a11d840&gt;('ok')&#10; +    where &lt;built-in method get of dict object at 0x11a11d840&gt; = {'ok': True, 'status': 'OK', 'message': 'backup archive is valid', 'schema': 'video-paper-wiki.light-backup.v1', ...}.get">../../../../acceptance/lightweight-library-v1/architect_t2_regressions.py:284: in test_backup_input_chain_cannot_traverse_symlink
    refused(lambda: backup.verify_backup(alias / archive.name))
../../../../acceptance/lightweight-library-v1/architect_t2_regressions.py:38: in refused
    assert result.get('ok') is False, result
E   AssertionError: {'ok': True, 'status': 'OK', 'message': 'backup archive is valid', 'schema': 'video-paper-wiki.light-backup.v1', ...}
E   assert True is False
E    +  where True = &lt;built-in method get of dict object at 0x11a11d840&gt;('ok')
E    +    where &lt;built-in method get of dict object at 0x11a11d840&gt; = {'ok': True, 'status': 'OK', 'message': 'backup archive is valid', 'schema': 'video-paper-wiki.light-backup.v1', ...}.get</failure></testcase></testsuite></testsuites>