<?xml version="1.0" encoding="utf-8"?><testsuites name="pytest tests"><testsuite name="pytest" errors="0" failures="0" skipped="0" tests="8" time="2.884" timestamp="2026-09-08T14:04:42.419805+08:00" hostname="HuangzhanpengdeMacBook-Pro.local"><testcase classname=".work.acceptance.lightweight-library-v1.architect_crossfeature_checks_r2" name="test_knowledge_wrong_paper_unknown_and_reuse" time="0.903" /><testcase classname=".work.acceptance.lightweight-library-v1.architect_crossfeature_checks_r2" name="test_metadata_stales_context_and_preserves_source_notes" time="0.099" /><testcase classname=".work.acceptance.lightweight-library-v1.architect_crossfeature_checks_r2" name="test_archive_restore_preserves_complete_paper_and_retry" time="0.025" /><testcase classname=".work.acceptance.lightweight-library-v1.architect_crossfeature_checks_r2" name="test_shared_workspace_lock_blocks_native_add_and_metadata" time="0.118" /><testcase classname=".work.acceptance.lightweight-library-v1.architect_crossfeature_checks_r2" name="test_native_add_checks_workspace_lock_before_paper_layout" time="0.117" /><testcase classname=".work.acceptance.lightweight-library-v1.architect_crossfeature_checks_r2" name="test_comparison_rejects_cross_paper_and_existing_output" time="0.680" /><testcase classname=".work.acceptance.lightweight-library-v1.architect_crossfeature_checks_r2" name="test_backup_roundtrip_history_external_and_tamper" time="0.773" /><testcase classname=".work.acceptance.lightweight-library-v1.architect_crossfeature_checks_r2" name="test_backup_refuses_unsupported_file_without_silent_omission" time="0.026" /></testsuite></testsuites>