<?xml version="1.0" encoding="utf-8"?><testsuites name="pytest tests"><testsuite name="pytest" errors="0" failures="23" skipped="0" tests="25" time="1.459" timestamp="2026-09-08T12:39:42.501823+08:00" hostname="HuangzhanpengdeMacBook-Pro.local"><testcase classname=".work.acceptance.lightweight-library-v1.architect_t2_r2_additional" name="test_malformed_journal_enum_types_close_without_traceback[object-kind]" time="0.009"><failure message="TypeError: unhashable type: 'dict'">../../../../acceptance/lightweight-library-v1/architect_t2_r2_additional.py:26: in test_malformed_journal_enum_types_close_without_traceback
    refused(lambda: library.recover_library(workspace))
../../../../acceptance/lightweight-library-v1/architect_t2_regressions.py:35: in refused
    result = call()
             ^^^^^^
../../../../acceptance/lightweight-library-v1/architect_t2_r2_additional.py:26: in &lt;lambda&gt;
    refused(lambda: library.recover_library(workspace))
                    ^^^^^^^^^^^^^^^^^^^^^^^^^^^^^^^^^^
src/video_paper_wiki_research/light_library.py:1477: in recover_library
    return _recover_locked(workspace, operation_id=operation_id)
           ^^^^^^^^^^^^^^^^^^^^^^^^^^^^^^^^^^^^^^^^^^^^^^^^^^^^^
src/video_paper_wiki_research/light_library.py:1488: in _recover_locked
    recognized = recognized_operation(loaded, filename=path.name)
                 ^^^^^^^^^^^^^^^^^^^^^^^^^^^^^^^^^^^^^^^^^^^^^^^^
src/video_paper_wiki_research/light_library_state.py:966: in recognized_operation
    if kind not in {"archive", "restore", "replace"}:
       ^^^^^^^^^^^^^^^^^^^^^^^^^^^^^^^^^^^^^^^^^^^^^
E   TypeError: unhashable type: 'dict'</failure></testcase><testcase classname=".work.acceptance.lightweight-library-v1.architect_t2_r2_additional" name="test_malformed_journal_enum_types_close_without_traceback[object-phase]" time="0.007"><failure message="TypeError: unhashable type: 'dict'">../../../../acceptance/lightweight-library-v1/architect_t2_r2_additional.py:26: in test_malformed_journal_enum_types_close_without_traceback
    refused(lambda: library.recover_library(workspace))
../../../../acceptance/lightweight-library-v1/architect_t2_regressions.py:35: in refused
    result = call()
             ^^^^^^
../../../../acceptance/lightweight-library-v1/architect_t2_r2_additional.py:26: in &lt;lambda&gt;
    refused(lambda: library.recover_library(workspace))
                    ^^^^^^^^^^^^^^^^^^^^^^^^^^^^^^^^^^
src/video_paper_wiki_research/light_library.py:1477: in recover_library
    return _recover_locked(workspace, operation_id=operation_id)
           ^^^^^^^^^^^^^^^^^^^^^^^^^^^^^^^^^^^^^^^^^^^^^^^^^^^^^
src/video_paper_wiki_research/light_library.py:1488: in _recover_locked
    recognized = recognized_operation(loaded, filename=path.name)
                 ^^^^^^^^^^^^^^^^^^^^^^^^^^^^^^^^^^^^^^^^^^^^^^^^
src/video_paper_wiki_research/light_library_state.py:983: in recognized_operation
    if phase not in phases:
       ^^^^^^^^^^^^^^^^^^^
E   TypeError: unhashable type: 'dict'</failure></testcase><testcase classname=".work.acceptance.lightweight-library-v1.architect_t2_r2_additional" name="test_malformed_journal_enum_types_close_without_traceback[object-outcome]" time="0.007"><failure message="TypeError: unhashable type: 'dict'">../../../../acceptance/lightweight-library-v1/architect_t2_r2_additional.py:26: in test_malformed_journal_enum_types_close_without_traceback
    refused(lambda: library.recover_library(workspace))
../../../../acceptance/lightweight-library-v1/architect_t2_regressions.py:35: in refused
    result = call()
             ^^^^^^
../../../../acceptance/lightweight-library-v1/architect_t2_r2_additional.py:26: in &lt;lambda&gt;
    refused(lambda: library.recover_library(workspace))
                    ^^^^^^^^^^^^^^^^^^^^^^^^^^^^^^^^^^
src/video_paper_wiki_research/light_library.py:1477: in recover_library
    return _recover_locked(workspace, operation_id=operation_id)
           ^^^^^^^^^^^^^^^^^^^^^^^^^^^^^^^^^^^^^^^^^^^^^^^^^^^^^
src/video_paper_wiki_research/light_library.py:1488: in _recover_locked
    recognized = recognized_operation(loaded, filename=path.name)
                 ^^^^^^^^^^^^^^^^^^^^^^^^^^^^^^^^^^^^^^^^^^^^^^^^
src/video_paper_wiki_research/light_library_state.py:1040: in recognized_operation
    if outcome not in allowed_outcomes:
       ^^^^^^^^^^^^^^^^^^^^^^^^^^^^^^^
E   TypeError: unhashable type: 'dict'</failure></testcase><testcase classname=".work.acceptance.lightweight-library-v1.architect_t2_r2_additional" name="test_malformed_journal_enum_types_close_without_traceback[array-kind]" time="0.007"><failure message="TypeError: unhashable type: 'list'">../../../../acceptance/lightweight-library-v1/architect_t2_r2_additional.py:26: in test_malformed_journal_enum_types_close_without_traceback
    refused(lambda: library.recover_library(workspace))
../../../../acceptance/lightweight-library-v1/architect_t2_regressions.py:35: in refused
    result = call()
             ^^^^^^
../../../../acceptance/lightweight-library-v1/architect_t2_r2_additional.py:26: in &lt;lambda&gt;
    refused(lambda: library.recover_library(workspace))
                    ^^^^^^^^^^^^^^^^^^^^^^^^^^^^^^^^^^
src/video_paper_wiki_research/light_library.py:1477: in recover_library
    return _recover_locked(workspace, operation_id=operation_id)
           ^^^^^^^^^^^^^^^^^^^^^^^^^^^^^^^^^^^^^^^^^^^^^^^^^^^^^
src/video_paper_wiki_research/light_library.py:1488: in _recover_locked
    recognized = recognized_operation(loaded, filename=path.name)
                 ^^^^^^^^^^^^^^^^^^^^^^^^^^^^^^^^^^^^^^^^^^^^^^^^
src/video_paper_wiki_research/light_library_state.py:966: in recognized_operation
    if kind not in {"archive", "restore", "replace"}:
       ^^^^^^^^^^^^^^^^^^^^^^^^^^^^^^^^^^^^^^^^^^^^^
E   TypeError: unhashable type: 'list'</failure></testcase><testcase classname=".work.acceptance.lightweight-library-v1.architect_t2_r2_additional" name="test_malformed_journal_enum_types_close_without_traceback[array-phase]" time="0.007"><failure message="TypeError: unhashable type: 'list'">../../../../acceptance/lightweight-library-v1/architect_t2_r2_additional.py:26: in test_malformed_journal_enum_types_close_without_traceback
    refused(lambda: library.recover_library(workspace))
../../../../acceptance/lightweight-library-v1/architect_t2_regressions.py:35: in refused
    result = call()
             ^^^^^^
../../../../acceptance/lightweight-library-v1/architect_t2_r2_additional.py:26: in &lt;lambda&gt;
    refused(lambda: library.recover_library(workspace))
                    ^^^^^^^^^^^^^^^^^^^^^^^^^^^^^^^^^^
src/video_paper_wiki_research/light_library.py:1477: in recover_library
    return _recover_locked(workspace, operation_id=operation_id)
           ^^^^^^^^^^^^^^^^^^^^^^^^^^^^^^^^^^^^^^^^^^^^^^^^^^^^^
src/video_paper_wiki_research/light_library.py:1488: in _recover_locked
    recognized = recognized_operation(loaded, filename=path.name)
                 ^^^^^^^^^^^^^^^^^^^^^^^^^^^^^^^^^^^^^^^^^^^^^^^^
src/video_paper_wiki_research/light_library_state.py:983: in recognized_operation
    if phase not in phases:
       ^^^^^^^^^^^^^^^^^^^
E   TypeError: unhashable type: 'list'</failure></testcase><testcase classname=".work.acceptance.lightweight-library-v1.architect_t2_r2_additional" name="test_malformed_journal_enum_types_close_without_traceback[array-outcome]" time="0.007"><failure message="TypeError: unhashable type: 'list'">../../../../acceptance/lightweight-library-v1/architect_t2_r2_additional.py:26: in test_malformed_journal_enum_types_close_without_traceback
    refused(lambda: library.recover_library(workspace))
../../../../acceptance/lightweight-library-v1/architect_t2_regressions.py:35: in refused
    result = call()
             ^^^^^^
../../../../acceptance/lightweight-library-v1/architect_t2_r2_additional.py:26: in &lt;lambda&gt;
    refused(lambda: library.recover_library(workspace))
                    ^^^^^^^^^^^^^^^^^^^^^^^^^^^^^^^^^^
src/video_paper_wiki_research/light_library.py:1477: in recover_library
    return _recover_locked(workspace, operation_id=operation_id)
           ^^^^^^^^^^^^^^^^^^^^^^^^^^^^^^^^^^^^^^^^^^^^^^^^^^^^^
src/video_paper_wiki_research/light_library.py:1488: in _recover_locked
    recognized = recognized_operation(loaded, filename=path.name)
                 ^^^^^^^^^^^^^^^^^^^^^^^^^^^^^^^^^^^^^^^^^^^^^^^^
src/video_paper_wiki_research/light_library_state.py:1040: in recognized_operation
    if outcome not in allowed_outcomes:
       ^^^^^^^^^^^^^^^^^^^^^^^^^^^^^^^
E   TypeError: unhashable type: 'list'</failure></testcase><testcase classname=".work.acceptance.lightweight-library-v1.architect_t2_r2_additional" name="test_pre_staging_preserves_unknown_empty_directory" time="0.015"><failure message="AssertionError: {'ok': True, 'status': 'OK', 'message': 'inspected recognized library operations', 'operations': [{'ok': True, 'status': 'OK', 'message': 'replacement was aborted before staging; the live paper is unchanged and no replacement occurred', 'paper_id': 'sha256:564428dc63dfe59725377fbcf0b108e1fcc3378b82f32c5b042ce861679da96f', 'new_paper_id': None, 'archive_id': '8b7584afa77c23e240e32128d4107dcb', 'operation_id': '000bf5f1104458348b92c81925f81a8b', 'reused': False, 'replaced': False, 'outcome': 'aborted-before-staging', 'retained_note_paths': [], 'next_actions': []}]}">../../../../acceptance/lightweight-library-v1/architect_t2_r2_additional.py:35: in test_pre_staging_preserves_unknown_empty_directory
    refused(lambda: library.recover_library(workspace))
../../../../acceptance/lightweight-library-v1/architect_t2_regressions.py:38: in refused
    assert result.get('ok') is False, result
           ^^^^^^^^^^^^^^^^^^^^^^^^^
E   AssertionError: {'ok': True, 'status': 'OK', 'message': 'inspected recognized library operations', 'operations': [{'ok': True, 'status': 'OK', 'message': 'replacement was aborted before staging; the live paper is unchanged and no replacement occurred', 'paper_id': 'sha256:564428dc63dfe59725377fbcf0b108e1fcc3378b82f32c5b042ce861679da96f', 'new_paper_id': None, 'archive_id': '8b7584afa77c23e240e32128d4107dcb', 'operation_id': '000bf5f1104458348b92c81925f81a8b', 'reused': False, 'replaced': False, 'outcome': 'aborted-before-staging', 'retained_note_paths': [], 'next_actions': []}]}</failure></testcase><testcase classname=".work.acceptance.lightweight-library-v1.architect_t2_r2_additional" name="test_final_stage_cleanup_validates_actual_producer_ownership[foreign-paper]" time="0.271"><failure message="AssertionError: {'ok': True, 'status': 'OK', 'message': 'inspected recognized library operations', 'operations': [{'ok': True, 'status': 'OK', 'message': 'replaced paper; old notes remain in the archive and are attributed as prior-paper notes', 'paper_id': 'sha256:564428dc63dfe59725377fbcf0b108e1fcc3378b82f32c5b042ce861679da96f', 'new_paper_id': 'sha256:654ef597e183c0544cd753494cb442125bc42b17dd2477481b6799114482a92e', 'archive_id': '7521919bafea2ea0c48354703ecda530', 'operation_id': '0f59e26c1142408d184a1f0eb00861a7', 'reused': False, 'retained_note_paths': ['papers/654ef597e183c0544cd753494cb442125bc42b17dd2477481b6799114482a92e/prior-paper-notes.md', '.light-library/archive/7521919bafea2ea0c48354703ecda530/paper/notes.md'], 'next_actions': ['Rebuild the lexical index with build_index before querying or exporting contexts.']}]}">../../../../acceptance/lightweight-library-v1/architect_t2_r2_additional.py:52: in test_final_stage_cleanup_validates_actual_producer_ownership
    refused(lambda: library.recover_library(workspace))
../../../../acceptance/lightweight-library-v1/architect_t2_regressions.py:38: in refused
    assert result.get('ok') is False, result
           ^^^^^^^^^^^^^^^^^^^^^^^^^
E   AssertionError: {'ok': True, 'status': 'OK', 'message': 'inspected recognized library operations', 'operations': [{'ok': True, 'status': 'OK', 'message': 'replaced paper; old notes remain in the archive and are attributed as prior-paper notes', 'paper_id': 'sha256:564428dc63dfe59725377fbcf0b108e1fcc3378b82f32c5b042ce861679da96f', 'new_paper_id': 'sha256:654ef597e183c0544cd753494cb442125bc42b17dd2477481b6799114482a92e', 'archive_id': '7521919bafea2ea0c48354703ecda530', 'operation_id': '0f59e26c1142408d184a1f0eb00861a7', 'reused': False, 'retained_note_paths': ['papers/654ef597e183c0544cd753494cb442125bc42b17dd2477481b6799114482a92e/prior-paper-notes.md', '.light-library/archive/7521919bafea2ea0c48354703ecda530/paper/notes.md'], 'next_actions': ['Rebuild the lexical index with build_index before querying or exporting contexts.']}]}</failure></testcase><testcase classname=".work.acceptance.lightweight-library-v1.architect_t2_r2_additional" name="test_final_stage_cleanup_validates_actual_producer_ownership[edited-lock]" time="0.267"><failure message="AssertionError: {'ok': True, 'status': 'OK', 'message': 'inspected recognized library operations', 'operations': [{'ok': True, 'status': 'OK', 'message': 'replaced paper; old notes remain in the archive and are attributed as prior-paper notes', 'paper_id': 'sha256:564428dc63dfe59725377fbcf0b108e1fcc3378b82f32c5b042ce861679da96f', 'new_paper_id': 'sha256:654ef597e183c0544cd753494cb442125bc42b17dd2477481b6799114482a92e', 'archive_id': '3084c78f3872b2286383fed848776891', 'operation_id': 'b7691bb05f529959d691c54c69da4215', 'reused': False, 'retained_note_paths': ['papers/654ef597e183c0544cd753494cb442125bc42b17dd2477481b6799114482a92e/prior-paper-notes.md', '.light-library/archive/3084c78f3872b2286383fed848776891/paper/notes.md'], 'next_actions': ['Rebuild the lexical index with build_index before querying or exporting contexts.']}]}">../../../../acceptance/lightweight-library-v1/architect_t2_r2_additional.py:52: in test_final_stage_cleanup_validates_actual_producer_ownership
    refused(lambda: library.recover_library(workspace))
../../../../acceptance/lightweight-library-v1/architect_t2_regressions.py:38: in refused
    assert result.get('ok') is False, result
           ^^^^^^^^^^^^^^^^^^^^^^^^^
E   AssertionError: {'ok': True, 'status': 'OK', 'message': 'inspected recognized library operations', 'operations': [{'ok': True, 'status': 'OK', 'message': 'replaced paper; old notes remain in the archive and are attributed as prior-paper notes', 'paper_id': 'sha256:564428dc63dfe59725377fbcf0b108e1fcc3378b82f32c5b042ce861679da96f', 'new_paper_id': 'sha256:654ef597e183c0544cd753494cb442125bc42b17dd2477481b6799114482a92e', 'archive_id': '3084c78f3872b2286383fed848776891', 'operation_id': 'b7691bb05f529959d691c54c69da4215', 'reused': False, 'retained_note_paths': ['papers/654ef597e183c0544cd753494cb442125bc42b17dd2477481b6799114482a92e/prior-paper-notes.md', '.light-library/archive/3084c78f3872b2286383fed848776891/paper/notes.md'], 'next_actions': ['Rebuild the lexical index with build_index before querying or exporting contexts.']}]}</failure></testcase><testcase classname=".work.acceptance.lightweight-library-v1.architect_t2_r2_additional" name="test_completed_archive_missing_both_locations_is_not_reused" time="0.007"><failure message="AssertionError: {'ok': True, 'status': 'OK', 'message': 'inspected recognized library operations', 'operations': [{'ok': True, 'status': 'OK', 'message': 'operation is already complete', 'operation_id': 'f82ad91b0be2d31a9e864cf569072cd1', 'kind': 'archive', 'phase': 'complete', 'outcome': 'archived', 'reused': True}]}">../../../../acceptance/lightweight-library-v1/architect_t2_r2_additional.py:60: in test_completed_archive_missing_both_locations_is_not_reused
    refused(lambda: library.recover_library(workspace))
../../../../acceptance/lightweight-library-v1/architect_t2_regressions.py:38: in refused
    assert result.get('ok') is False, result
           ^^^^^^^^^^^^^^^^^^^^^^^^^
E   AssertionError: {'ok': True, 'status': 'OK', 'message': 'inspected recognized library operations', 'operations': [{'ok': True, 'status': 'OK', 'message': 'operation is already complete', 'operation_id': 'f82ad91b0be2d31a9e864cf569072cd1', 'kind': 'archive', 'phase': 'complete', 'outcome': 'archived', 'reused': True}]}</failure></testcase><testcase classname=".work.acceptance.lightweight-library-v1.architect_t2_r2_additional" name="test_completed_replacement_validates_new_live_payload[edited]" time="0.265"><failure message="AssertionError: {'ok': True, 'status': 'OK', 'message': 'inspected recognized library operations', 'operations': [{'ok': True, 'status': 'OK', 'message': 'operation is already complete', 'operation_id': 'fef1c8a63a1a83418c01ece999e0ceff', 'kind': 'replace', 'phase': 'complete', 'outcome': 'replaced', 'reused': True}]}">../../../../acceptance/lightweight-library-v1/architect_t2_r2_additional.py:73: in test_completed_replacement_validates_new_live_payload
    refused(lambda: library.recover_library(workspace))
../../../../acceptance/lightweight-library-v1/architect_t2_regressions.py:38: in refused
    assert result.get('ok') is False, result
           ^^^^^^^^^^^^^^^^^^^^^^^^^
E   AssertionError: {'ok': True, 'status': 'OK', 'message': 'inspected recognized library operations', 'operations': [{'ok': True, 'status': 'OK', 'message': 'operation is already complete', 'operation_id': 'fef1c8a63a1a83418c01ece999e0ceff', 'kind': 'replace', 'phase': 'complete', 'outcome': 'replaced', 'reused': True}]}</failure></testcase><testcase classname=".work.acceptance.lightweight-library-v1.architect_t2_r2_additional" name="test_completed_replacement_validates_new_live_payload[missing]" time="0.258"><failure message="AssertionError: {'ok': True, 'status': 'OK', 'message': 'inspected recognized library operations', 'operations': [{'ok': True, 'status': 'OK', 'message': 'operation is already complete', 'operation_id': '0854fb94c371318882f0580898ef2564', 'kind': 'replace', 'phase': 'complete', 'outcome': 'replaced', 'reused': True}]}">../../../../acceptance/lightweight-library-v1/architect_t2_r2_additional.py:73: in test_completed_replacement_validates_new_live_payload
    refused(lambda: library.recover_library(workspace))
../../../../acceptance/lightweight-library-v1/architect_t2_regressions.py:38: in refused
    assert result.get('ok') is False, result
           ^^^^^^^^^^^^^^^^^^^^^^^^^
E   AssertionError: {'ok': True, 'status': 'OK', 'message': 'inspected recognized library operations', 'operations': [{'ok': True, 'status': 'OK', 'message': 'operation is already complete', 'operation_id': '0854fb94c371318882f0580898ef2564', 'kind': 'replace', 'phase': 'complete', 'outcome': 'replaced', 'reused': True}]}</failure></testcase><testcase classname=".work.acceptance.lightweight-library-v1.architect_t2_r2_additional" name="test_completed_restore_validates_actual_live_payload" time="0.009"><failure message="AssertionError: {'ok': True, 'status': 'OK', 'message': 'inspected recognized library operations', 'operations': [{'ok': True, 'status': 'OK', 'message': 'operation is already complete', 'operation_id': '8a1329928a272527ddeca82f86c94129', 'kind': 'archive', 'phase': 'complete', 'outcome': 'archived', 'reused': True}, {'ok': True, 'status': 'OK', 'message': 'operation is already complete', 'operation_id': 'cd8ebfab030c4a53d4cd0f81163df311', 'kind': 'restore', 'phase': 'complete', 'outcome': 'restored', 'reused': True}]}">../../../../acceptance/lightweight-library-v1/architect_t2_r2_additional.py:80: in test_completed_restore_validates_actual_live_payload
    refused(lambda: library.recover_library(workspace))
../../../../acceptance/lightweight-library-v1/architect_t2_regressions.py:38: in refused
    assert result.get('ok') is False, result
           ^^^^^^^^^^^^^^^^^^^^^^^^^
E   AssertionError: {'ok': True, 'status': 'OK', 'message': 'inspected recognized library operations', 'operations': [{'ok': True, 'status': 'OK', 'message': 'operation is already complete', 'operation_id': '8a1329928a272527ddeca82f86c94129', 'kind': 'archive', 'phase': 'complete', 'outcome': 'archived', 'reused': True}, {'ok': True, 'status': 'OK', 'message': 'operation is already complete', 'operation_id': 'cd8ebfab030c4a53d4cd0f81163df311', 'kind': 'restore', 'phase': 'complete', 'outcome': 'restored', 'reused': True}]}</failure></testcase><testcase classname=".work.acceptance.lightweight-library-v1.architect_t2_r2_additional" name="test_legitimate_archive_restore_history_remains_recoverable" time="0.008" /><testcase classname=".work.acceptance.lightweight-library-v1.architect_t2_r2_additional" name="test_manifest_original_root_requires_absolute_normalized_path[relative/.work/library]" time="0.003"><failure message="AssertionError: {'ok': True, 'status': 'OK', 'message': 'backup archive is valid', 'schema': 'video-paper-wiki.light-backup.v1', 'workspace_root': 'relative/.work/library', 'workspace_id': '0986695f1b1e5b5b7a98f7ced7ab41d27dbd0a99dfc5c8c8aba0416887f3a18c', 'file_count': 1, 'exclusions': [{'path': '.light-workflow/locks/workspace.lock', 'rule': 'unlocked-workspace-lock'}], 'extra_outputs': [], 'restore_remaps': {'.light-workflow/sessions/': '.light-workflow/history/0986695f1b1e5b5b7a98f7ced7ab41d27dbd0a99dfc5c8c8aba0416887f3a18c/sessions/'}, 'manifest_sha256': '1724259813d50612b62721f11266c9a68bfd4c3cf196173b40751fe7abef6188'}">../../../../acceptance/lightweight-library-v1/architect_t2_r2_additional.py:100: in test_manifest_original_root_requires_absolute_normalized_path
    refused(lambda: backup.verify_backup(target))
../../../../acceptance/lightweight-library-v1/architect_t2_regressions.py:38: in refused
    assert result.get('ok') is False, result
           ^^^^^^^^^^^^^^^^^^^^^^^^^
E   AssertionError: {'ok': True, 'status': 'OK', 'message': 'backup archive is valid', 'schema': 'video-paper-wiki.light-backup.v1', 'workspace_root': 'relative/.work/library', 'workspace_id': '0986695f1b1e5b5b7a98f7ced7ab41d27dbd0a99dfc5c8c8aba0416887f3a18c', 'file_count': 1, 'exclusions': [{'path': '.light-workflow/locks/workspace.lock', 'rule': 'unlocked-workspace-lock'}], 'extra_outputs': [], 'restore_remaps': {'.light-workflow/sessions/': '.light-workflow/history/0986695f1b1e5b5b7a98f7ced7ab41d27dbd0a99dfc5c8c8aba0416887f3a18c/sessions/'}, 'manifest_sha256': '1724259813d50612b62721f11266c9a68bfd4c3cf196173b40751fe7abef6188'}</failure></testcase><testcase classname=".work.acceptance.lightweight-library-v1.architect_t2_r2_additional" name="test_manifest_original_root_requires_absolute_normalized_path[/tmp/.work/../foreign]" time="0.002"><failure message="AssertionError: {'ok': True, 'status': 'OK', 'message': 'backup archive is valid', 'schema': 'video-paper-wiki.light-backup.v1', 'workspace_root': '/tmp/.work/../foreign', 'workspace_id': '0bd3d30288dd05cbd213db2b8c249c78fa6aa197e472ec48f44dbd96da0588cc', 'file_count': 1, 'exclusions': [{'path': '.light-workflow/locks/workspace.lock', 'rule': 'unlocked-workspace-lock'}], 'extra_outputs': [], 'restore_remaps': {'.light-workflow/sessions/': '.light-workflow/history/0bd3d30288dd05cbd213db2b8c249c78fa6aa197e472ec48f44dbd96da0588cc/sessions/'}, 'manifest_sha256': '759dfa0dc13e351f0f0ca0003913ea3ed5b92a11c6f82210283f39da93e38cd6'}">../../../../acceptance/lightweight-library-v1/architect_t2_r2_additional.py:100: in test_manifest_original_root_requires_absolute_normalized_path
    refused(lambda: backup.verify_backup(target))
../../../../acceptance/lightweight-library-v1/architect_t2_regressions.py:38: in refused
    assert result.get('ok') is False, result
           ^^^^^^^^^^^^^^^^^^^^^^^^^
E   AssertionError: {'ok': True, 'status': 'OK', 'message': 'backup archive is valid', 'schema': 'video-paper-wiki.light-backup.v1', 'workspace_root': '/tmp/.work/../foreign', 'workspace_id': '0bd3d30288dd05cbd213db2b8c249c78fa6aa197e472ec48f44dbd96da0588cc', 'file_count': 1, 'exclusions': [{'path': '.light-workflow/locks/workspace.lock', 'rule': 'unlocked-workspace-lock'}], 'extra_outputs': [], 'restore_remaps': {'.light-workflow/sessions/': '.light-workflow/history/0bd3d30288dd05cbd213db2b8c249c78fa6aa197e472ec48f44dbd96da0588cc/sessions/'}, 'manifest_sha256': '759dfa0dc13e351f0f0ca0003913ea3ed5b92a11c6f82210283f39da93e38cd6'}</failure></testcase><testcase classname=".work.acceptance.lightweight-library-v1.architect_t2_r2_additional" name="test_manifest_original_root_requires_absolute_normalized_path[/tmp//.work/library]" time="0.002"><failure message="AssertionError: {'ok': True, 'status': 'OK', 'message': 'backup archive is valid', 'schema': 'video-paper-wiki.light-backup.v1', 'workspace_root': '/tmp//.work/library', 'workspace_id': 'dac69bd1b8188513524b35abd6279a81fb4823066d5237cf337f63ef43332b7f', 'file_count': 1, 'exclusions': [{'path': '.light-workflow/locks/workspace.lock', 'rule': 'unlocked-workspace-lock'}], 'extra_outputs': [], 'restore_remaps': {'.light-workflow/sessions/': '.light-workflow/history/dac69bd1b8188513524b35abd6279a81fb4823066d5237cf337f63ef43332b7f/sessions/'}, 'manifest_sha256': 'c06d493bf00c9ccff0308b2f48b0cc6b6a3c1209d199da782d1b081433658862'}">../../../../acceptance/lightweight-library-v1/architect_t2_r2_additional.py:100: in test_manifest_original_root_requires_absolute_normalized_path
    refused(lambda: backup.verify_backup(target))
../../../../acceptance/lightweight-library-v1/architect_t2_regressions.py:38: in refused
    assert result.get('ok') is False, result
           ^^^^^^^^^^^^^^^^^^^^^^^^^
E   AssertionError: {'ok': True, 'status': 'OK', 'message': 'backup archive is valid', 'schema': 'video-paper-wiki.light-backup.v1', 'workspace_root': '/tmp//.work/library', 'workspace_id': 'dac69bd1b8188513524b35abd6279a81fb4823066d5237cf337f63ef43332b7f', 'file_count': 1, 'exclusions': [{'path': '.light-workflow/locks/workspace.lock', 'rule': 'unlocked-workspace-lock'}], 'extra_outputs': [], 'restore_remaps': {'.light-workflow/sessions/': '.light-workflow/history/dac69bd1b8188513524b35abd6279a81fb4823066d5237cf337f63ef43332b7f/sessions/'}, 'manifest_sha256': 'c06d493bf00c9ccff0308b2f48b0cc6b6a3c1209d199da782d1b081433658862'}</failure></testcase><testcase classname=".work.acceptance.lightweight-library-v1.architect_t2_r2_additional" name="test_manifest_exclusions_are_actual_known_policy_rows[unsafe-path]" time="0.002"><failure message="AssertionError: {'ok': True, 'status': 'OK', 'message': 'backup archive is valid', 'schema': 'video-paper-wiki.light-backup.v1', 'workspace_root': '/private/tmp/ll-t2r2x-dmpwn3lp/b/test_manifest_exclusions_are_a0/.work/small', 'workspace_id': 'fffd7f9b0cd02850ca74a48228776dfd94e0599543ef9d8456aa0dcd762a1f3c', 'file_count': 1, 'exclusions': [{'path': '../../private.md', 'rule': 'anything'}], 'extra_outputs': [], 'restore_remaps': {'.light-workflow/sessions/': '.light-workflow/history/fffd7f9b0cd02850ca74a48228776dfd94e0599543ef9d8456aa0dcd762a1f3c/sessions/'}, 'manifest_sha256': '0677133edcd80fc03c069a3aa3f8c4c3957a3d04de51f41a49f3db6e545177ec'}">../../../../acceptance/lightweight-library-v1/architect_t2_r2_additional.py:115: in test_manifest_exclusions_are_actual_known_policy_rows
    refused(lambda: backup.verify_backup(target))
../../../../acceptance/lightweight-library-v1/architect_t2_regressions.py:38: in refused
    assert result.get('ok') is False, result
           ^^^^^^^^^^^^^^^^^^^^^^^^^
E   AssertionError: {'ok': True, 'status': 'OK', 'message': 'backup archive is valid', 'schema': 'video-paper-wiki.light-backup.v1', 'workspace_root': '/private/tmp/ll-t2r2x-dmpwn3lp/b/test_manifest_exclusions_are_a0/.work/small', 'workspace_id': 'fffd7f9b0cd02850ca74a48228776dfd94e0599543ef9d8456aa0dcd762a1f3c', 'file_count': 1, 'exclusions': [{'path': '../../private.md', 'rule': 'anything'}], 'extra_outputs': [], 'restore_remaps': {'.light-workflow/sessions/': '.light-workflow/history/fffd7f9b0cd02850ca74a48228776dfd94e0599543ef9d8456aa0dcd762a1f3c/sessions/'}, 'manifest_sha256': '0677133edcd80fc03c069a3aa3f8c4c3957a3d04de51f41a49f3db6e545177ec'}</failure></testcase><testcase classname=".work.acceptance.lightweight-library-v1.architect_t2_r2_additional" name="test_manifest_exclusions_are_actual_known_policy_rows[invented-rule]" time="0.002"><failure message="AssertionError: {'ok': True, 'status': 'OK', 'message': 'backup archive is valid', 'schema': 'video-paper-wiki.light-backup.v1', 'workspace_root': '/private/tmp/ll-t2r2x-dmpwn3lp/b/test_manifest_exclusions_are_a1/.work/small', 'workspace_id': '55e7afb467046a7a95714b594ac6cffcc440c1d27d005e8e19b17c17c29664ac', 'file_count': 1, 'exclusions': [{'path': '.light-index', 'rule': 'invented policy'}], 'extra_outputs': [], 'restore_remaps': {'.light-workflow/sessions/': '.light-workflow/history/55e7afb467046a7a95714b594ac6cffcc440c1d27d005e8e19b17c17c29664ac/sessions/'}, 'manifest_sha256': '4ee5f9c288dc52492f25577092e825ea50b1dbe7e93e38495d88a2a1fb8bf91e'}">../../../../acceptance/lightweight-library-v1/architect_t2_r2_additional.py:115: in test_manifest_exclusions_are_actual_known_policy_rows
    refused(lambda: backup.verify_backup(target))
../../../../acceptance/lightweight-library-v1/architect_t2_regressions.py:38: in refused
    assert result.get('ok') is False, result
           ^^^^^^^^^^^^^^^^^^^^^^^^^
E   AssertionError: {'ok': True, 'status': 'OK', 'message': 'backup archive is valid', 'schema': 'video-paper-wiki.light-backup.v1', 'workspace_root': '/private/tmp/ll-t2r2x-dmpwn3lp/b/test_manifest_exclusions_are_a1/.work/small', 'workspace_id': '55e7afb467046a7a95714b594ac6cffcc440c1d27d005e8e19b17c17c29664ac', 'file_count': 1, 'exclusions': [{'path': '.light-index', 'rule': 'invented policy'}], 'extra_outputs': [], 'restore_remaps': {'.light-workflow/sessions/': '.light-workflow/history/55e7afb467046a7a95714b594ac6cffcc440c1d27d005e8e19b17c17c29664ac/sessions/'}, 'manifest_sha256': '4ee5f9c288dc52492f25577092e825ea50b1dbe7e93e38495d88a2a1fb8bf91e'}</failure></testcase><testcase classname=".work.acceptance.lightweight-library-v1.architect_t2_r2_additional" name="test_manifest_exclusions_are_actual_known_policy_rows[included-file]" time="0.002"><failure message="AssertionError: {'ok': True, 'status': 'OK', 'message': 'backup archive is valid', 'schema': 'video-paper-wiki.light-backup.v1', 'workspace_root': '/private/tmp/ll-t2r2x-dmpwn3lp/b/test_manifest_exclusions_are_a2/.work/small', 'workspace_id': '8e54753c3a26bae7a2756ee23022be9703cebb0e9fb7f38c25a04df36eaffe99', 'file_count': 1, 'exclusions': [{'path': 'notes.md', 'rule': 'stable-lock'}], 'extra_outputs': [], 'restore_remaps': {'.light-workflow/sessions/': '.light-workflow/history/8e54753c3a26bae7a2756ee23022be9703cebb0e9fb7f38c25a04df36eaffe99/sessions/'}, 'manifest_sha256': '596a1d5e9cf5c64b275bec2b551616c7cbecc50931f9a245e9ec27c24551b49e'}">../../../../acceptance/lightweight-library-v1/architect_t2_r2_additional.py:115: in test_manifest_exclusions_are_actual_known_policy_rows
    refused(lambda: backup.verify_backup(target))
../../../../acceptance/lightweight-library-v1/architect_t2_regressions.py:38: in refused
    assert result.get('ok') is False, result
           ^^^^^^^^^^^^^^^^^^^^^^^^^
E   AssertionError: {'ok': True, 'status': 'OK', 'message': 'backup archive is valid', 'schema': 'video-paper-wiki.light-backup.v1', 'workspace_root': '/private/tmp/ll-t2r2x-dmpwn3lp/b/test_manifest_exclusions_are_a2/.work/small', 'workspace_id': '8e54753c3a26bae7a2756ee23022be9703cebb0e9fb7f38c25a04df36eaffe99', 'file_count': 1, 'exclusions': [{'path': 'notes.md', 'rule': 'stable-lock'}], 'extra_outputs': [], 'restore_remaps': {'.light-workflow/sessions/': '.light-workflow/history/8e54753c3a26bae7a2756ee23022be9703cebb0e9fb7f38c25a04df36eaffe99/sessions/'}, 'manifest_sha256': '596a1d5e9cf5c64b275bec2b551616c7cbecc50931f9a245e9ec27c24551b49e'}</failure></testcase><testcase classname=".work.acceptance.lightweight-library-v1.architect_t2_r2_additional" name="test_manifest_extra_mapping_matches_explicit_external_markdown[wrong-basename]" time="0.002"><failure message="AssertionError: {'ok': True, 'status': 'OK', 'message': 'backup archive is valid', 'schema': 'video-paper-wiki.light-backup.v1', 'workspace_root': '/private/tmp/ll-t2r2x-dmpwn3lp/b/test_manifest_extra_mapping_ma0/.work/small', 'workspace_id': '6fc3a23dd021c573f5be8684895fb34a5d34b35dced3bf7846a49d84d9a268a1', 'file_count': 2, 'exclusions': [{'path': '.light-workflow/locks/workspace.lock', 'rule': 'unlocked-workspace-lock'}], 'extra_outputs': [{'archive_path': 'exports/external/41810a3ce269a268c843146614cfc68a59e9a2aacafd03db04e238a64871aaf6/explicit.md', 'hash': '41810a3ce269a268c843146614cfc68a59e9a2aacafd03db04e238a64871aaf6', 'original_path': '/private/tmp/ll-t2r2x-dmpwn3lp/b/test_manifest_extra_mapping_ma0/.work/different.md', 'restore_path': 'exports/external/41810a3ce269a268c843146614cfc68a59e9a2aacafd03db04e238a64871aaf6/explicit.md'}], 'restore_remaps': {'.light-workflow/sessions/': '.light-workflow/history/6fc3a23dd021c573f5be8684895fb34a5d34b35dced3bf7846a49d84d9a268a1/sessions/'}, 'manifest_sha256': '786ca55d8f295ba89ca0239b1e4dfb5d11ffad59b4bc2c0a430b98c15eac121a'}">../../../../acceptance/lightweight-library-v1/architect_t2_r2_additional.py:134: in test_manifest_extra_mapping_matches_explicit_external_markdown
    refused(lambda: backup.verify_backup(target))
../../../../acceptance/lightweight-library-v1/architect_t2_regressions.py:38: in refused
    assert result.get('ok') is False, result
           ^^^^^^^^^^^^^^^^^^^^^^^^^
E   AssertionError: {'ok': True, 'status': 'OK', 'message': 'backup archive is valid', 'schema': 'video-paper-wiki.light-backup.v1', 'workspace_root': '/private/tmp/ll-t2r2x-dmpwn3lp/b/test_manifest_extra_mapping_ma0/.work/small', 'workspace_id': '6fc3a23dd021c573f5be8684895fb34a5d34b35dced3bf7846a49d84d9a268a1', 'file_count': 2, 'exclusions': [{'path': '.light-workflow/locks/workspace.lock', 'rule': 'unlocked-workspace-lock'}], 'extra_outputs': [{'archive_path': 'exports/external/41810a3ce269a268c843146614cfc68a59e9a2aacafd03db04e238a64871aaf6/explicit.md', 'hash': '41810a3ce269a268c843146614cfc68a59e9a2aacafd03db04e238a64871aaf6', 'original_path': '/private/tmp/ll-t2r2x-dmpwn3lp/b/test_manifest_extra_mapping_ma0/.work/different.md', 'restore_path': 'exports/external/41810a3ce269a268c843146614cfc68a59e9a2aacafd03db04e238a64871aaf6/explicit.md'}], 'restore_remaps': {'.light-workflow/sessions/': '.light-workflow/history/6fc3a23dd021c573f5be8684895fb34a5d34b35dced3bf7846a49d84d9a268a1/sessions/'}, 'manifest_sha256': '786ca55d8f295ba89ca0239b1e4dfb5d11ffad59b4bc2c0a430b98c15eac121a'}</failure></testcase><testcase classname=".work.acceptance.lightweight-library-v1.architect_t2_r2_additional" name="test_manifest_extra_mapping_matches_explicit_external_markdown[inside-workspace]" time="0.002"><failure message="AssertionError: {'ok': True, 'status': 'OK', 'message': 'backup archive is valid', 'schema': 'video-paper-wiki.light-backup.v1', 'workspace_root': '/private/tmp/ll-t2r2x-dmpwn3lp/b/test_manifest_extra_mapping_ma1/.work/small', 'workspace_id': '70af135b237831882a4fed132c436e417d707d5cf2006241b6a30697c64df262', 'file_count': 2, 'exclusions': [{'path': '.light-workflow/locks/workspace.lock', 'rule': 'unlocked-workspace-lock'}], 'extra_outputs': [{'archive_path': 'exports/external/41810a3ce269a268c843146614cfc68a59e9a2aacafd03db04e238a64871aaf6/explicit.md', 'hash': '41810a3ce269a268c843146614cfc68a59e9a2aacafd03db04e238a64871aaf6', 'original_path': '/private/tmp/ll-t2r2x-dmpwn3lp/b/test_manifest_extra_mapping_ma1/.work/small/explicit.md', 'restore_path': 'exports/external/41810a3ce269a268c843146614cfc68a59e9a2aacafd03db04e238a64871aaf6/explicit.md'}], 'restore_remaps': {'.light-workflow/sessions/': '.light-workflow/history/70af135b237831882a4fed132c436e417d707d5cf2006241b6a30697c64df262/sessions/'}, 'manifest_sha256': 'd1f10a230b054485c8ee4a0c0d8a6cb4ab7d110461d37900f600c0ebdd712870'}">../../../../acceptance/lightweight-library-v1/architect_t2_r2_additional.py:134: in test_manifest_extra_mapping_matches_explicit_external_markdown
    refused(lambda: backup.verify_backup(target))
../../../../acceptance/lightweight-library-v1/architect_t2_regressions.py:38: in refused
    assert result.get('ok') is False, result
           ^^^^^^^^^^^^^^^^^^^^^^^^^
E   AssertionError: {'ok': True, 'status': 'OK', 'message': 'backup archive is valid', 'schema': 'video-paper-wiki.light-backup.v1', 'workspace_root': '/private/tmp/ll-t2r2x-dmpwn3lp/b/test_manifest_extra_mapping_ma1/.work/small', 'workspace_id': '70af135b237831882a4fed132c436e417d707d5cf2006241b6a30697c64df262', 'file_count': 2, 'exclusions': [{'path': '.light-workflow/locks/workspace.lock', 'rule': 'unlocked-workspace-lock'}], 'extra_outputs': [{'archive_path': 'exports/external/41810a3ce269a268c843146614cfc68a59e9a2aacafd03db04e238a64871aaf6/explicit.md', 'hash': '41810a3ce269a268c843146614cfc68a59e9a2aacafd03db04e238a64871aaf6', 'original_path': '/private/tmp/ll-t2r2x-dmpwn3lp/b/test_manifest_extra_mapping_ma1/.work/small/explicit.md', 'restore_path': 'exports/external/41810a3ce269a268c843146614cfc68a59e9a2aacafd03db04e238a64871aaf6/explicit.md'}], 'restore_remaps': {'.light-workflow/sessions/': '.light-workflow/history/70af135b237831882a4fed132c436e417d707d5cf2006241b6a30697c64df262/sessions/'}, 'manifest_sha256': 'd1f10a230b054485c8ee4a0c0d8a6cb4ab7d110461d37900f600c0ebdd712870'}</failure></testcase><testcase classname=".work.acceptance.lightweight-library-v1.architect_t2_r2_additional" name="test_manifest_extra_mapping_matches_explicit_external_markdown[relative-original]" time="0.003"><failure message="AssertionError: {'ok': True, 'status': 'OK', 'message': 'backup archive is valid', 'schema': 'video-paper-wiki.light-backup.v1', 'workspace_root': '/private/tmp/ll-t2r2x-dmpwn3lp/b/test_manifest_extra_mapping_ma2/.work/small', 'workspace_id': '445db272e681b0b6733e38cb279102641c6cd7a5f56b1f6ee19b012bfacf8be2', 'file_count': 2, 'exclusions': [{'path': '.light-workflow/locks/workspace.lock', 'rule': 'unlocked-workspace-lock'}], 'extra_outputs': [{'archive_path': 'exports/external/41810a3ce269a268c843146614cfc68a59e9a2aacafd03db04e238a64871aaf6/explicit.md', 'hash': '41810a3ce269a268c843146614cfc68a59e9a2aacafd03db04e238a64871aaf6', 'original_path': 'explicit.md', 'restore_path': 'exports/external/41810a3ce269a268c843146614cfc68a59e9a2aacafd03db04e238a64871aaf6/explicit.md'}], 'restore_remaps': {'.light-workflow/sessions/': '.light-workflow/history/445db272e681b0b6733e38cb279102641c6cd7a5f56b1f6ee19b012bfacf8be2/sessions/'}, 'manifest_sha256': '95ec16ac04132f7466436c31c1e9df44721742b2ca87712bc93632f7bcbcee98'}">../../../../acceptance/lightweight-library-v1/architect_t2_r2_additional.py:134: in test_manifest_extra_mapping_matches_explicit_external_markdown
    refused(lambda: backup.verify_backup(target))
../../../../acceptance/lightweight-library-v1/architect_t2_regressions.py:38: in refused
    assert result.get('ok') is False, result
           ^^^^^^^^^^^^^^^^^^^^^^^^^
E   AssertionError: {'ok': True, 'status': 'OK', 'message': 'backup archive is valid', 'schema': 'video-paper-wiki.light-backup.v1', 'workspace_root': '/private/tmp/ll-t2r2x-dmpwn3lp/b/test_manifest_extra_mapping_ma2/.work/small', 'workspace_id': '445db272e681b0b6733e38cb279102641c6cd7a5f56b1f6ee19b012bfacf8be2', 'file_count': 2, 'exclusions': [{'path': '.light-workflow/locks/workspace.lock', 'rule': 'unlocked-workspace-lock'}], 'extra_outputs': [{'archive_path': 'exports/external/41810a3ce269a268c843146614cfc68a59e9a2aacafd03db04e238a64871aaf6/explicit.md', 'hash': '41810a3ce269a268c843146614cfc68a59e9a2aacafd03db04e238a64871aaf6', 'original_path': 'explicit.md', 'restore_path': 'exports/external/41810a3ce269a268c843146614cfc68a59e9a2aacafd03db04e238a64871aaf6/explicit.md'}], 'restore_remaps': {'.light-workflow/sessions/': '.light-workflow/history/445db272e681b0b6733e38cb279102641c6cd7a5f56b1f6ee19b012bfacf8be2/sessions/'}, 'manifest_sha256': '95ec16ac04132f7466436c31c1e9df44721742b2ca87712bc93632f7bcbcee98'}</failure></testcase><testcase classname=".work.acceptance.lightweight-library-v1.architect_t2_r2_additional" name="test_manifest_extra_mapping_matches_explicit_external_markdown[non-markdown-original]" time="0.002"><failure message="AssertionError: {'ok': True, 'status': 'OK', 'message': 'backup archive is valid', 'schema': 'video-paper-wiki.light-backup.v1', 'workspace_root': '/private/tmp/ll-t2r2x-dmpwn3lp/b/test_manifest_extra_mapping_ma3/.work/small', 'workspace_id': '858afe9076a25c998862ecb6a301bf81da794931d63c722fcd537b1e4bd3f5ce', 'file_count': 2, 'exclusions': [{'path': '.light-workflow/locks/workspace.lock', 'rule': 'unlocked-workspace-lock'}], 'extra_outputs': [{'archive_path': 'exports/external/41810a3ce269a268c843146614cfc68a59e9a2aacafd03db04e238a64871aaf6/explicit.md', 'hash': '41810a3ce269a268c843146614cfc68a59e9a2aacafd03db04e238a64871aaf6', 'original_path': '/private/tmp/ll-t2r2x-dmpwn3lp/b/test_manifest_extra_mapping_ma3/.work/explicit.pdf', 'restore_path': 'exports/external/41810a3ce269a268c843146614cfc68a59e9a2aacafd03db04e238a64871aaf6/explicit.md'}], 'restore_remaps': {'.light-workflow/sessions/': '.light-workflow/history/858afe9076a25c998862ecb6a301bf81da794931d63c722fcd537b1e4bd3f5ce/sessions/'}, 'manifest_sha256': 'd56a0f1b27af3f05b67af64b2b0fe0d3091cff6fa6e53e9d8b8739cc34c6b64f'}">../../../../acceptance/lightweight-library-v1/architect_t2_r2_additional.py:134: in test_manifest_extra_mapping_matches_explicit_external_markdown
    refused(lambda: backup.verify_backup(target))
../../../../acceptance/lightweight-library-v1/architect_t2_regressions.py:38: in refused
    assert result.get('ok') is False, result
           ^^^^^^^^^^^^^^^^^^^^^^^^^
E   AssertionError: {'ok': True, 'status': 'OK', 'message': 'backup archive is valid', 'schema': 'video-paper-wiki.light-backup.v1', 'workspace_root': '/private/tmp/ll-t2r2x-dmpwn3lp/b/test_manifest_extra_mapping_ma3/.work/small', 'workspace_id': '858afe9076a25c998862ecb6a301bf81da794931d63c722fcd537b1e4bd3f5ce', 'file_count': 2, 'exclusions': [{'path': '.light-workflow/locks/workspace.lock', 'rule': 'unlocked-workspace-lock'}], 'extra_outputs': [{'archive_path': 'exports/external/41810a3ce269a268c843146614cfc68a59e9a2aacafd03db04e238a64871aaf6/explicit.md', 'hash': '41810a3ce269a268c843146614cfc68a59e9a2aacafd03db04e238a64871aaf6', 'original_path': '/private/tmp/ll-t2r2x-dmpwn3lp/b/test_manifest_extra_mapping_ma3/.work/explicit.pdf', 'restore_path': 'exports/external/41810a3ce269a268c843146614cfc68a59e9a2aacafd03db04e238a64871aaf6/explicit.md'}], 'restore_remaps': {'.light-workflow/sessions/': '.light-workflow/history/858afe9076a25c998862ecb6a301bf81da794931d63c722fcd537b1e4bd3f5ce/sessions/'}, 'manifest_sha256': 'd56a0f1b27af3f05b67af64b2b0fe0d3091cff6fa6e53e9d8b8739cc34c6b64f'}</failure></testcase><testcase classname=".work.acceptance.lightweight-library-v1.architect_t2_r2_additional" name="test_positive_deterministic_backup_roundtrip_with_extra" time="0.005" /></testsuite></testsuites>