<?xml version="1.0" encoding="utf-8"?><testsuites name="pytest tests"><testsuite name="pytest" errors="0" failures="0" skipped="0" tests="14" time="4.426" timestamp="2026-09-08T12:21:06.863087+08:00" hostname="HuangzhanpengdeMacBook-Pro.local"><testcase classname=".work.acceptance.lightweight-library-v1.architect_t1_regressions" name="test_successful_publication_leaves_no_pending_stage" time="0.391" /><testcase classname=".work.acceptance.lightweight-library-v1.architect_t1_regressions" name="test_record_reuse_refuses_unrecognized_directory_entries[symlink-dir]" time="0.500" /><testcase classname=".work.acceptance.lightweight-library-v1.architect_t1_regressions" name="test_record_reuse_refuses_unrecognized_directory_entries[empty-dir]" time="0.493" /><testcase classname=".work.acceptance.lightweight-library-v1.architect_t1_regressions" name="test_edited_record_cannot_be_current_or_supply_new_concepts" time="0.380" /><testcase classname=".work.acceptance.lightweight-library-v1.architect_t1_regressions" name="test_related_paper_links_resolve_to_existing_siblings" time="0.734" /><testcase classname=".work.acceptance.lightweight-library-v1.architect_t1_regressions" name="test_unknown_current_pointer_is_preserved" time="0.459" /><testcase classname=".work.acceptance.lightweight-library-v1.architect_t1_regressions" name="test_missing_knowledge_wrapper_field_closes_without_traceback[coverage]" time="0.075" /><testcase classname=".work.acceptance.lightweight-library-v1.architect_t1_regressions" name="test_missing_knowledge_wrapper_field_closes_without_traceback[paper_snapshot]" time="0.079" /><testcase classname=".work.acceptance.lightweight-library-v1.architect_t1_regressions" name="test_missing_knowledge_wrapper_field_closes_without_traceback[prompt]" time="0.076" /><testcase classname=".work.acceptance.lightweight-library-v1.architect_t1_regressions" name="test_missing_comparison_wrapper_field_closes_without_traceback" time="0.113" /><testcase classname=".work.acceptance.lightweight-library-v1.architect_t1_regressions" name="test_hardlinked_source_is_refused" time="0.022" /><testcase classname=".work.acceptance.lightweight-library-v1.architect_t1_regressions" name="test_interrupted_staging_does_not_discard_unknown_edits[payload]" time="0.434" /><testcase classname=".work.acceptance.lightweight-library-v1.architect_t1_regressions" name="test_interrupted_staging_does_not_discard_unknown_edits[ownership-target]" time="0.415" /><testcase classname=".work.acceptance.lightweight-library-v1.architect_t1_regressions" name="test_source_change_during_render_refuses_publication" time="0.173" /></testsuite></testsuites>