<?xml version="1.0" encoding="utf-8"?><testsuites name="pytest tests"><testsuite name="pytest" errors="0" failures="0" skipped="0" tests="24" time="7.436" timestamp="2026-09-08T12:39:59.623247+08:00" hostname="HuangzhanpengdeMacBook-Pro.local"><testcase classname=".work.acceptance.lightweight-library-v1.architect_t1_regressions" name="test_successful_publication_leaves_no_pending_stage" time="0.398" /><testcase classname=".work.acceptance.lightweight-library-v1.architect_t1_regressions" name="test_record_reuse_refuses_unrecognized_directory_entries[symlink-dir]" time="0.412" /><testcase classname=".work.acceptance.lightweight-library-v1.architect_t1_regressions" name="test_record_reuse_refuses_unrecognized_directory_entries[empty-dir]" time="0.424" /><testcase classname=".work.acceptance.lightweight-library-v1.architect_t1_regressions" name="test_edited_record_cannot_be_current_or_supply_new_concepts" time="0.383" /><testcase classname=".work.acceptance.lightweight-library-v1.architect_t1_regressions" name="test_related_paper_links_resolve_to_existing_siblings" time="0.744" /><testcase classname=".work.acceptance.lightweight-library-v1.architect_t1_regressions" name="test_unknown_current_pointer_is_preserved" time="0.413" /><testcase classname=".work.acceptance.lightweight-library-v1.architect_t1_regressions" name="test_missing_knowledge_wrapper_field_closes_without_traceback[coverage]" time="0.072" /><testcase classname=".work.acceptance.lightweight-library-v1.architect_t1_regressions" name="test_missing_knowledge_wrapper_field_closes_without_traceback[paper_snapshot]" time="0.072" /><testcase classname=".work.acceptance.lightweight-library-v1.architect_t1_regressions" name="test_missing_knowledge_wrapper_field_closes_without_traceback[prompt]" time="0.072" /><testcase classname=".work.acceptance.lightweight-library-v1.architect_t1_regressions" name="test_missing_comparison_wrapper_field_closes_without_traceback" time="0.112" /><testcase classname=".work.acceptance.lightweight-library-v1.architect_t1_regressions" name="test_hardlinked_source_is_refused" time="0.021" /><testcase classname=".work.acceptance.lightweight-library-v1.architect_t1_regressions" name="test_interrupted_staging_does_not_discard_unknown_edits[payload]" time="0.407" /><testcase classname=".work.acceptance.lightweight-library-v1.architect_t1_regressions" name="test_interrupted_staging_does_not_discard_unknown_edits[ownership-target]" time="0.415" /><testcase classname=".work.acceptance.lightweight-library-v1.architect_t1_regressions" name="test_source_change_during_render_refuses_publication" time="0.165" /><testcase classname=".work.acceptance.lightweight-library-v1.architect_t1_r2_additional" name="test_duplicate_paper_selection_is_not_silently_rewritten" time="0.094" /><testcase classname=".work.acceptance.lightweight-library-v1.architect_t1_r2_additional" name="test_table_cells_have_real_citation_links" time="0.258" /><testcase classname=".work.acceptance.lightweight-library-v1.architect_t1_r2_additional" name="test_table_conditions_are_escaped_exactly_once" time="0.259" /><testcase classname=".work.acceptance.lightweight-library-v1.architect_t1_r2_additional" name="test_unhashable_comparability_is_closed[bad0]" time="0.203" /><testcase classname=".work.acceptance.lightweight-library-v1.architect_t1_r2_additional" name="test_unhashable_comparability_is_closed[bad1]" time="0.203" /><testcase classname=".work.acceptance.lightweight-library-v1.architect_t1_r2_additional" name="test_missing_prior_current_target_is_preserved" time="0.416" /><testcase classname=".work.acceptance.lightweight-library-v1.architect_t1_r2_additional" name="test_missing_prior_head_target_is_preserved" time="0.412" /><testcase classname=".work.acceptance.lightweight-library-v1.architect_t1_r2_additional" name="test_record_unknown_manifest_or_identity_fields_are_conflict[manifest.json]" time="0.335" /><testcase classname=".work.acceptance.lightweight-library-v1.architect_t1_r2_additional" name="test_record_unknown_manifest_or_identity_fields_are_conflict[identity.json]" time="0.328" /><testcase classname=".work.acceptance.lightweight-library-v1.architect_t1_r2_additional" name="test_valid_prior_pointer_can_advance_to_new_record_and_view" time="0.727" /></testsuite></testsuites>