<?xml version="1.0" encoding="utf-8"?><testsuites name="pytest tests"><testsuite name="pytest" errors="0" failures="3" skipped="0" tests="68" time="5.316" timestamp="2026-09-08T13:22:22.608267+08:00" hostname="HuangzhanpengdeMacBook-Pro.local"><testcase classname=".work.acceptance.lightweight-library-v1.architect_t2_regressions" name="test_metadata_never_overwrites_unowned_temporary_file[False]" time="0.006" /><testcase classname=".work.acceptance.lightweight-library-v1.architect_t2_regressions" name="test_metadata_never_overwrites_unowned_temporary_file[True]" time="0.005" /><testcase classname=".work.acceptance.lightweight-library-v1.architect_t2_regressions" name="test_native_add_workspace_lock_precedes_paper_layout" time="0.252" /><testcase classname=".work.acceptance.lightweight-library-v1.architect_t2_regressions" name="test_archive_recovery_checks_moved_payload_again" time="0.007" /><testcase classname=".work.acceptance.lightweight-library-v1.architect_t2_regressions" name="test_restore_recovery_checks_live_payload_again" time="0.008" /><testcase classname=".work.acceptance.lightweight-library-v1.architect_t2_regressions" name="test_replace_recovery_validates_staged_inventory_before_old_move" time="0.280" /><testcase classname=".work.acceptance.lightweight-library-v1.architect_t2_regressions" name="test_pre_staging_recovery_preserves_foreign_nested_content" time="0.012" /><testcase classname=".work.acceptance.lightweight-library-v1.architect_t2_regressions" name="test_changed_journal_paths_are_refused_before_move" time="0.006" /><testcase classname=".work.acceptance.lightweight-library-v1.architect_t2_regressions" name="test_exact_replace_retry_reuses_same_event" time="0.279" /><testcase classname=".work.acceptance.lightweight-library-v1.architect_t2_regressions" name="test_backup_rechecks_after_archive_construction_before_publish" time="0.002" /><testcase classname=".work.acceptance.lightweight-library-v1.architect_t2_regressions" name="test_restore_preserves_existing_archived_restoration_record" time="0.005" /><testcase classname=".work.acceptance.lightweight-library-v1.architect_t2_regressions" name="test_backup_of_restored_workspace_preserves_prior_record" time="0.007" /><testcase classname=".work.acceptance.lightweight-library-v1.architect_t2_regressions" name="test_verify_validates_all_manifest_identity_and_rows[workspace-id]" time="0.003" /><testcase classname=".work.acceptance.lightweight-library-v1.architect_t2_regressions" name="test_verify_validates_all_manifest_identity_and_rows[workspace-root]" time="0.003" /><testcase classname=".work.acceptance.lightweight-library-v1.architect_t2_regressions" name="test_verify_validates_all_manifest_identity_and_rows[extra-row]" time="0.002" /><testcase classname=".work.acceptance.lightweight-library-v1.architect_t2_regressions" name="test_verify_validates_all_manifest_identity_and_rows[exclusions]" time="0.002" /><testcase classname=".work.acceptance.lightweight-library-v1.architect_t2_regressions" name="test_verify_validates_all_manifest_identity_and_rows[trailing-nonobject-file]" time="0.002" /><testcase classname=".work.acceptance.lightweight-library-v1.architect_t2_regressions" name="test_verify_enforces_fixed_zip_member_metadata[symlink-mode]" time="0.002" /><testcase classname=".work.acceptance.lightweight-library-v1.architect_t2_regressions" name="test_verify_enforces_fixed_zip_member_metadata[public-mode]" time="0.002" /><testcase classname=".work.acceptance.lightweight-library-v1.architect_t2_regressions" name="test_verify_enforces_fixed_zip_member_metadata[manifest-time]" time="0.002" /><testcase classname=".work.acceptance.lightweight-library-v1.architect_t2_regressions" name="test_verify_enforces_fixed_zip_member_metadata[extra-field]" time="0.002" /><testcase classname=".work.acceptance.lightweight-library-v1.architect_t2_regressions" name="test_verify_enforces_fixed_zip_member_metadata[zip64-version]" time="0.002" /><testcase classname=".work.acceptance.lightweight-library-v1.architect_t2_regressions" name="test_backup_input_chain_cannot_traverse_symlink" time="0.002" /><testcase classname=".work.acceptance.lightweight-library-v1.architect_t2_r2_additional" name="test_malformed_journal_enum_types_close_without_traceback[object-kind]" time="0.007" /><testcase classname=".work.acceptance.lightweight-library-v1.architect_t2_r2_additional" name="test_malformed_journal_enum_types_close_without_traceback[object-phase]" time="0.008" /><testcase classname=".work.acceptance.lightweight-library-v1.architect_t2_r2_additional" name="test_malformed_journal_enum_types_close_without_traceback[object-outcome]" time="0.007" /><testcase classname=".work.acceptance.lightweight-library-v1.architect_t2_r2_additional" name="test_malformed_journal_enum_types_close_without_traceback[array-kind]" time="0.007" /><testcase classname=".work.acceptance.lightweight-library-v1.architect_t2_r2_additional" name="test_malformed_journal_enum_types_close_without_traceback[array-phase]" time="0.019" /><testcase classname=".work.acceptance.lightweight-library-v1.architect_t2_r2_additional" name="test_malformed_journal_enum_types_close_without_traceback[array-outcome]" time="0.016" /><testcase classname=".work.acceptance.lightweight-library-v1.architect_t2_r2_additional" name="test_pre_staging_preserves_unknown_empty_directory" time="0.023" /><testcase classname=".work.acceptance.lightweight-library-v1.architect_t2_r2_additional" name="test_final_stage_cleanup_validates_actual_producer_ownership[foreign-paper]" time="0.281" /><testcase classname=".work.acceptance.lightweight-library-v1.architect_t2_r2_additional" name="test_final_stage_cleanup_validates_actual_producer_ownership[edited-lock]" time="0.278" /><testcase classname=".work.acceptance.lightweight-library-v1.architect_t2_r2_additional" name="test_completed_archive_missing_both_locations_is_not_reused" time="0.007" /><testcase classname=".work.acceptance.lightweight-library-v1.architect_t2_r2_additional" name="test_completed_replacement_validates_new_live_payload[edited]" time="0.268" /><testcase classname=".work.acceptance.lightweight-library-v1.architect_t2_r2_additional" name="test_completed_replacement_validates_new_live_payload[missing]" time="0.269" /><testcase classname=".work.acceptance.lightweight-library-v1.architect_t2_r2_additional" name="test_completed_restore_validates_actual_live_payload" time="0.010" /><testcase classname=".work.acceptance.lightweight-library-v1.architect_t2_r2_additional" name="test_legitimate_archive_restore_history_remains_recoverable" time="0.010" /><testcase classname=".work.acceptance.lightweight-library-v1.architect_t2_r2_additional" name="test_manifest_original_root_requires_absolute_normalized_path[relative/.work/library]" time="0.002" /><testcase classname=".work.acceptance.lightweight-library-v1.architect_t2_r2_additional" name="test_manifest_original_root_requires_absolute_normalized_path[/tmp/.work/../foreign]" time="0.002" /><testcase classname=".work.acceptance.lightweight-library-v1.architect_t2_r2_additional" name="test_manifest_original_root_requires_absolute_normalized_path[/tmp//.work/library]" time="0.002" /><testcase classname=".work.acceptance.lightweight-library-v1.architect_t2_r2_additional" name="test_manifest_exclusions_are_actual_known_policy_rows[unsafe-path]" time="0.002" /><testcase classname=".work.acceptance.lightweight-library-v1.architect_t2_r2_additional" name="test_manifest_exclusions_are_actual_known_policy_rows[invented-rule]" time="0.002" /><testcase classname=".work.acceptance.lightweight-library-v1.architect_t2_r2_additional" name="test_manifest_exclusions_are_actual_known_policy_rows[included-file]" time="0.002" /><testcase classname=".work.acceptance.lightweight-library-v1.architect_t2_r2_additional" name="test_manifest_extra_mapping_matches_explicit_external_markdown[wrong-basename]" time="0.003" /><testcase classname=".work.acceptance.lightweight-library-v1.architect_t2_r2_additional" name="test_manifest_extra_mapping_matches_explicit_external_markdown[inside-workspace]" time="0.003" /><testcase classname=".work.acceptance.lightweight-library-v1.architect_t2_r2_additional" name="test_manifest_extra_mapping_matches_explicit_external_markdown[relative-original]" time="0.004" /><testcase classname=".work.acceptance.lightweight-library-v1.architect_t2_r2_additional" name="test_manifest_extra_mapping_matches_explicit_external_markdown[non-markdown-original]" time="0.003" /><testcase classname=".work.acceptance.lightweight-library-v1.architect_t2_r2_additional" name="test_positive_deterministic_backup_roundtrip_with_extra" time="0.006" /><testcase classname=".work.acceptance.lightweight-library-v1.architect_t2_history_checks_r2" name="test_archive_restore_archive_has_unambiguous_recoverable_history" time="0.018" /><testcase classname=".work.acceptance.lightweight-library-v1.architect_t2_history_checks_r2" name="test_replacement_new_paper_archive_restore_history" time="0.287" /><testcase classname=".work.acceptance.lightweight-library-v1.architect_t2_history_checks_r2" name="test_completed_history_validates_retained_archive_event[schema]" time="0.009" /><testcase classname=".work.acceptance.lightweight-library-v1.architect_t2_history_checks_r2" name="test_completed_history_validates_retained_archive_event[operation_id]" time="0.009" /><testcase classname=".work.acceptance.lightweight-library-v1.architect_t2_history_checks_r2" name="test_completed_history_validates_retained_archive_event[state]" time="0.011" /><testcase classname=".work.acceptance.lightweight-library-v1.architect_t2_history_checks_r2" name="test_completed_history_validates_retained_archive_event[unknown-field]" time="0.010" /><testcase classname=".work.acceptance.lightweight-library-v1.architect_t2_history_checks_r2" name="test_duplicate_successor_claim_does_not_authorize_historical_reuse" time="0.010" /><testcase classname=".work.acceptance.lightweight-library-v1.architect_t2_r3_precapture" name="test_after_intent_addition_is_preserved_before_capture_and_publication[unknown-file]" time="0.012" /><testcase classname=".work.acceptance.lightweight-library-v1.architect_t2_r3_precapture" name="test_after_intent_addition_is_preserved_before_capture_and_publication[unknown-empty-dir]" time="0.012" /><testcase classname=".work.acceptance.lightweight-library-v1.architect_t2_r3_precapture" name="test_after_intent_addition_is_preserved_before_capture_and_publication[prior-note]" time="0.012" /><testcase classname=".work.acceptance.lightweight-library-v1.architect_t2_r3_postextract" name="test_postextract_foreign_bytes_are_preserved_before_inventory[unknown-file]" time="0.258" /><testcase classname=".work.acceptance.lightweight-library-v1.architect_t2_r3_postextract" name="test_postextract_foreign_bytes_are_preserved_before_inventory[unknown-empty-dir]" time="0.257" /><testcase classname=".work.acceptance.lightweight-library-v1.architect_t2_r3_postextract" name="test_postextract_foreign_bytes_are_preserved_before_inventory[prior-note]" time="0.270" /><testcase classname=".work.acceptance.lightweight-library-v1.architect_t2_r3_postextract" name="test_postextract_foreign_bytes_are_preserved_before_inventory[changed-lock]" time="0.256" /><testcase classname=".work.acceptance.lightweight-library-v1.architect_t2_r4_premove" name="test_known_stage_ownership_is_rechecked_before_old_move[unknown-file-after_replace_staged]" time="0.265" /><testcase classname=".work.acceptance.lightweight-library-v1.architect_t2_r4_premove" name="test_known_stage_ownership_is_rechecked_before_old_move[unknown-file-before_old_archive]" time="0.280"><failure message="AssertionError: assert False&#10; +  where False = is_file()&#10; +    where is_file = (((PosixPath('/private/tmp/ll-t2r4-0qaz_6ym/b/test_known_stage_ownership_is_1/.work/library') / 'papers') / '564428dc63dfe59725377fbcf0b108e1fcc3378b82f32c5b042ce861679da96f') / 'notes.md').is_file">../../../../acceptance/lightweight-library-v1/architect_t2_r4_premove.py:33: in test_known_stage_ownership_is_rechecked_before_old_move
    assert (workspace / 'papers' / OLD / 'notes.md').is_file()
E   AssertionError: assert False
E    +  where False = is_file()
E    +    where is_file = (((PosixPath('/private/tmp/ll-t2r4-0qaz_6ym/b/test_known_stage_ownership_is_1/.work/library') / 'papers') / '564428dc63dfe59725377fbcf0b108e1fcc3378b82f32c5b042ce861679da96f') / 'notes.md').is_file</failure></testcase><testcase classname=".work.acceptance.lightweight-library-v1.architect_t2_r4_premove" name="test_known_stage_ownership_is_rechecked_before_old_move[unknown-empty-dir-after_replace_staged]" time="0.263" /><testcase classname=".work.acceptance.lightweight-library-v1.architect_t2_r4_premove" name="test_known_stage_ownership_is_rechecked_before_old_move[unknown-empty-dir-before_old_archive]" time="0.267"><failure message="AssertionError: assert False&#10; +  where False = is_file()&#10; +    where is_file = (((PosixPath('/private/tmp/ll-t2r4-0qaz_6ym/b/test_known_stage_ownership_is_3/.work/library') / 'papers') / '564428dc63dfe59725377fbcf0b108e1fcc3378b82f32c5b042ce861679da96f') / 'notes.md').is_file">../../../../acceptance/lightweight-library-v1/architect_t2_r4_premove.py:33: in test_known_stage_ownership_is_rechecked_before_old_move
    assert (workspace / 'papers' / OLD / 'notes.md').is_file()
E   AssertionError: assert False
E    +  where False = is_file()
E    +    where is_file = (((PosixPath('/private/tmp/ll-t2r4-0qaz_6ym/b/test_known_stage_ownership_is_3/.work/library') / 'papers') / '564428dc63dfe59725377fbcf0b108e1fcc3378b82f32c5b042ce861679da96f') / 'notes.md').is_file</failure></testcase><testcase classname=".work.acceptance.lightweight-library-v1.architect_t2_r4_premove" name="test_known_stage_ownership_is_rechecked_before_old_move[changed-lock-after_replace_staged]" time="0.276" /><testcase classname=".work.acceptance.lightweight-library-v1.architect_t2_r4_premove" name="test_known_stage_ownership_is_rechecked_before_old_move[changed-lock-before_old_archive]" time="0.267"><failure message="AssertionError: assert False&#10; +  where False = is_file()&#10; +    where is_file = (((PosixPath('/private/tmp/ll-t2r4-0qaz_6ym/b/test_known_stage_ownership_is_5/.work/library') / 'papers') / '564428dc63dfe59725377fbcf0b108e1fcc3378b82f32c5b042ce861679da96f') / 'notes.md').is_file">../../../../acceptance/lightweight-library-v1/architect_t2_r4_premove.py:33: in test_known_stage_ownership_is_rechecked_before_old_move
    assert (workspace / 'papers' / OLD / 'notes.md').is_file()
E   AssertionError: assert False
E    +  where False = is_file()
E    +    where is_file = (((PosixPath('/private/tmp/ll-t2r4-0qaz_6ym/b/test_known_stage_ownership_is_5/.work/library') / 'papers') / '564428dc63dfe59725377fbcf0b108e1fcc3378b82f32c5b042ce861679da96f') / 'notes.md').is_file</failure></testcase></testsuite></testsuites>