<?xml version="1.0" encoding="utf-8"?><testsuites name="pytest tests"><testsuite name="pytest" errors="0" failures="0" skipped="0" tests="21" time="0.203" timestamp="2026-09-08T13:27:59.472220+08:00" hostname="HuangzhanpengdeMacBook-Pro.local"><testcase classname=".work.acceptance.lightweight-library-v1.architect_t2_backup_candidate_checks" name="test_positive_roundtrip_and_deterministic_reuse" time="0.097" /><testcase classname=".work.acceptance.lightweight-library-v1.architect_t2_backup_candidate_checks" name="test_truncated_eocd_is_a_closed_invalid_result" time="0.002" /><testcase classname=".work.acceptance.lightweight-library-v1.architect_t2_backup_candidate_checks" name="test_local_header_name_mismatch_is_a_closed_invalid_result" time="0.002" /><testcase classname=".work.acceptance.lightweight-library-v1.architect_t2_backup_candidate_checks" name="test_local_and_central_crc_mismatch_is_a_closed_invalid_result[central_crc]" time="0.002" /><testcase classname=".work.acceptance.lightweight-library-v1.architect_t2_backup_candidate_checks" name="test_local_and_central_crc_mismatch_is_a_closed_invalid_result[local_crc]" time="0.002" /><testcase classname=".work.acceptance.lightweight-library-v1.architect_t2_backup_candidate_checks" name="test_oversized_archive_uses_a_bounded_read" time="0.001" /><testcase classname=".work.acceptance.lightweight-library-v1.architect_t2_backup_candidate_checks" name="test_archive_snapshot_replacement_is_not_mixed" time="0.003" /><testcase classname=".work.acceptance.lightweight-library-v1.architect_t2_backup_candidate_checks" name="test_backup_final_file_race_preserves_new_output" time="0.002" /><testcase classname=".work.acceptance.lightweight-library-v1.architect_t2_backup_candidate_checks" name="test_restore_empty_destination_race_is_create_only" time="0.003" /><testcase classname=".work.acceptance.lightweight-library-v1.architect_t2_backup_candidate_checks" name="test_restore_stage_preserves_user_bytes_after_publish_failure" time="0.003" /><testcase classname=".work.acceptance.lightweight-library-v1.architect_t2_backup_candidate_checks" name="test_malformed_journal_enum_types_are_closed_and_preserved[object-kind]" time="0.007" /><testcase classname=".work.acceptance.lightweight-library-v1.architect_t2_backup_candidate_checks" name="test_malformed_journal_enum_types_are_closed_and_preserved[object-phase]" time="0.003" /><testcase classname=".work.acceptance.lightweight-library-v1.architect_t2_backup_candidate_checks" name="test_malformed_journal_enum_types_are_closed_and_preserved[object-outcome]" time="0.003" /><testcase classname=".work.acceptance.lightweight-library-v1.architect_t2_backup_candidate_checks" name="test_malformed_journal_enum_types_are_closed_and_preserved[array-kind]" time="0.003" /><testcase classname=".work.acceptance.lightweight-library-v1.architect_t2_backup_candidate_checks" name="test_malformed_journal_enum_types_are_closed_and_preserved[array-phase]" time="0.003" /><testcase classname=".work.acceptance.lightweight-library-v1.architect_t2_backup_candidate_checks" name="test_malformed_journal_enum_types_are_closed_and_preserved[array-outcome]" time="0.003" /><testcase classname=".work.acceptance.lightweight-library-v1.architect_t2_backup_candidate_checks" name="test_recovery_requires_complete_stage_ownership[unknown-empty-dir]" time="0.004" /><testcase classname=".work.acceptance.lightweight-library-v1.architect_t2_backup_candidate_checks" name="test_recovery_requires_complete_stage_ownership[foreign-paper]" time="0.004" /><testcase classname=".work.acceptance.lightweight-library-v1.architect_t2_backup_candidate_checks" name="test_recovery_requires_complete_stage_ownership[edited-lock]" time="0.004" /><testcase classname=".work.acceptance.lightweight-library-v1.architect_t2_backup_candidate_checks" name="test_archive_restore_archive_history_has_explicit_successors" time="0.009" /><testcase classname=".work.acceptance.lightweight-library-v1.architect_t2_backup_candidate_checks" name="test_completed_archive_without_payload_is_not_reused" time="0.005" /></testsuite></testsuites>