<?xml version="1.0" encoding="utf-8"?><testsuites name="pytest tests"><testsuite name="pytest" errors="0" failures="0" skipped="0" tests="125" time="22.891" timestamp="2026-09-08T14:44:38.501560+08:00" hostname="HuangzhanpengdeMacBook-Pro.local"><testcase classname="" name="test_successful_publication_leaves_no_pending_stage" time="0.461" /><testcase classname="" name="test_record_reuse_refuses_unrecognized_directory_entries[symlink-dir]" time="0.466" /><testcase classname="" name="test_record_reuse_refuses_unrecognized_directory_entries[empty-dir]" time="0.470" /><testcase classname="" name="test_edited_record_cannot_be_current_or_supply_new_concepts" time="0.392" /><testcase classname="" name="test_related_paper_links_resolve_to_existing_siblings" time="0.855" /><testcase classname="" name="test_unknown_current_pointer_is_preserved" time="0.480" /><testcase classname="" name="test_missing_knowledge_wrapper_field_closes_without_traceback[coverage]" time="0.083" /><testcase classname="" name="test_missing_knowledge_wrapper_field_closes_without_traceback[paper_snapshot]" time="0.081" /><testcase classname="" name="test_missing_knowledge_wrapper_field_closes_without_traceback[prompt]" time="0.083" /><testcase classname="" name="test_missing_comparison_wrapper_field_closes_without_traceback" time="0.146" /><testcase classname="" name="test_hardlinked_source_is_refused" time="0.032" /><testcase classname="" name="test_interrupted_staging_does_not_discard_unknown_edits[payload]" time="0.473" /><testcase classname="" name="test_interrupted_staging_does_not_discard_unknown_edits[ownership-target]" time="0.454" /><testcase classname="" name="test_source_change_during_render_refuses_publication" time="0.183" /><testcase classname="" name="test_duplicate_paper_selection_is_not_silently_rewritten" time="0.107" /><testcase classname="" name="test_table_cells_have_real_citation_links" time="0.284" /><testcase classname="" name="test_table_conditions_are_escaped_exactly_once" time="0.289" /><testcase classname="" name="test_unhashable_comparability_is_closed[bad0]" time="0.228" /><testcase classname="" name="test_unhashable_comparability_is_closed[bad1]" time="0.226" /><testcase classname="" name="test_missing_prior_current_target_is_preserved" time="0.480" /><testcase classname="" name="test_missing_prior_head_target_is_preserved" time="0.462" /><testcase classname="" name="test_record_unknown_manifest_or_identity_fields_are_conflict[manifest.json]" time="0.363" /><testcase classname="" name="test_record_unknown_manifest_or_identity_fields_are_conflict[identity.json]" time="0.368" /><testcase classname="" name="test_valid_prior_pointer_can_advance_to_new_record_and_view" time="0.848" /><testcase classname="" name="test_heads_key_must_match_referenced_record_paper" time="0.530" /><testcase classname="" name="test_current_view_cannot_borrow_foreign_missing_record_references" time="0.502" /><testcase classname="" name="test_record_redundant_snapshots_are_bound_to_original_wrapper" time="0.376" /><testcase classname="" name="test_citation_title_newline_does_not_split_markdown_table" time="0.312" /><testcase classname="" name="test_complete_workspace_relocation_preserves_valid_old_view_and_advance" time="0.992" /><testcase classname="" name="test_metadata_never_overwrites_unowned_temporary_file[False]" time="0.006" /><testcase classname="" name="test_metadata_never_overwrites_unowned_temporary_file[True]" time="0.005" /><testcase classname="" name="test_native_add_workspace_lock_precedes_paper_layout" time="0.277" /><testcase classname="" name="test_archive_recovery_checks_moved_payload_again" time="0.008" /><testcase classname="" name="test_restore_recovery_checks_live_payload_again" time="0.010" /><testcase classname="" name="test_replace_recovery_validates_staged_inventory_before_old_move" time="0.312" /><testcase classname="" name="test_pre_staging_recovery_preserves_foreign_nested_content" time="0.015" /><testcase classname="" name="test_changed_journal_paths_are_refused_before_move" time="0.006" /><testcase classname="" name="test_exact_replace_retry_reuses_same_event" time="0.310" /><testcase classname="" name="test_backup_rechecks_after_archive_construction_before_publish" time="0.002" /><testcase classname="" name="test_restore_preserves_existing_archived_restoration_record" time="0.005" /><testcase classname="" name="test_backup_of_restored_workspace_preserves_prior_record" time="0.008" /><testcase classname="" name="test_verify_validates_all_manifest_identity_and_rows[workspace-id]" time="0.004" /><testcase classname="" name="test_verify_validates_all_manifest_identity_and_rows[workspace-root]" time="0.003" /><testcase classname="" name="test_verify_validates_all_manifest_identity_and_rows[extra-row]" time="0.003" /><testcase classname="" name="test_verify_validates_all_manifest_identity_and_rows[exclusions]" time="0.003" /><testcase classname="" name="test_verify_validates_all_manifest_identity_and_rows[trailing-nonobject-file]" time="0.003" /><testcase classname="" name="test_verify_enforces_fixed_zip_member_metadata[symlink-mode]" time="0.003" /><testcase classname="" name="test_verify_enforces_fixed_zip_member_metadata[public-mode]" time="0.002" /><testcase classname="" name="test_verify_enforces_fixed_zip_member_metadata[manifest-time]" time="0.002" /><testcase classname="" name="test_verify_enforces_fixed_zip_member_metadata[extra-field]" time="0.002" /><testcase classname="" name="test_verify_enforces_fixed_zip_member_metadata[zip64-version]" time="0.003" /><testcase classname="" name="test_backup_input_chain_cannot_traverse_symlink" time="0.003" /><testcase classname="" name="test_malformed_journal_enum_types_close_without_traceback[object-kind]" time="0.009" /><testcase classname="" name="test_malformed_journal_enum_types_close_without_traceback[object-phase]" time="0.008" /><testcase classname="" name="test_malformed_journal_enum_types_close_without_traceback[object-outcome]" time="0.008" /><testcase classname="" name="test_malformed_journal_enum_types_close_without_traceback[array-kind]" time="0.008" /><testcase classname="" name="test_malformed_journal_enum_types_close_without_traceback[array-phase]" time="0.008" /><testcase classname="" name="test_malformed_journal_enum_types_close_without_traceback[array-outcome]" time="0.008" /><testcase classname="" name="test_pre_staging_preserves_unknown_empty_directory" time="0.015" /><testcase classname="" name="test_final_stage_cleanup_validates_actual_producer_ownership[foreign-paper]" time="0.300" /><testcase classname="" name="test_final_stage_cleanup_validates_actual_producer_ownership[edited-lock]" time="0.311" /><testcase classname="" name="test_completed_archive_missing_both_locations_is_not_reused" time="0.008" /><testcase classname="" name="test_completed_replacement_validates_new_live_payload[edited]" time="0.299" /><testcase classname="" name="test_completed_replacement_validates_new_live_payload[missing]" time="0.303" /><testcase classname="" name="test_completed_restore_validates_actual_live_payload" time="0.011" /><testcase classname="" name="test_legitimate_archive_restore_history_remains_recoverable" time="0.012" /><testcase classname="" name="test_manifest_original_root_requires_absolute_normalized_path[relative/.work/library]" time="0.002" /><testcase classname="" name="test_manifest_original_root_requires_absolute_normalized_path[/tmp/.work/../foreign]" time="0.002" /><testcase classname="" name="test_manifest_original_root_requires_absolute_normalized_path[/tmp//.work/library]" time="0.002" /><testcase classname="" name="test_manifest_exclusions_are_actual_known_policy_rows[unsafe-path]" time="0.003" /><testcase classname="" name="test_manifest_exclusions_are_actual_known_policy_rows[invented-rule]" time="0.002" /><testcase classname="" name="test_manifest_exclusions_are_actual_known_policy_rows[included-file]" time="0.002" /><testcase classname="" name="test_manifest_extra_mapping_matches_explicit_external_markdown[wrong-basename]" time="0.003" /><testcase classname="" name="test_manifest_extra_mapping_matches_explicit_external_markdown[inside-workspace]" time="0.003" /><testcase classname="" name="test_manifest_extra_mapping_matches_explicit_external_markdown[relative-original]" time="0.003" /><testcase classname="" name="test_manifest_extra_mapping_matches_explicit_external_markdown[non-markdown-original]" time="0.003" /><testcase classname="" name="test_positive_deterministic_backup_roundtrip_with_extra" time="0.006" /><testcase classname="" name="test_archive_restore_archive_has_unambiguous_recoverable_history" time="0.020" /><testcase classname="" name="test_replacement_new_paper_archive_restore_history" time="0.329" /><testcase classname="" name="test_completed_history_validates_retained_archive_event[schema]" time="0.011" /><testcase classname="" name="test_completed_history_validates_retained_archive_event[operation_id]" time="0.011" /><testcase classname="" name="test_completed_history_validates_retained_archive_event[state]" time="0.012" /><testcase classname="" name="test_completed_history_validates_retained_archive_event[unknown-field]" time="0.011" /><testcase classname="" name="test_duplicate_successor_claim_does_not_authorize_historical_reuse" time="0.012" /><testcase classname="" name="test_after_intent_addition_is_preserved_before_capture_and_publication[unknown-file]" time="0.013" /><testcase classname="" name="test_after_intent_addition_is_preserved_before_capture_and_publication[unknown-empty-dir]" time="0.013" /><testcase classname="" name="test_after_intent_addition_is_preserved_before_capture_and_publication[prior-note]" time="0.013" /><testcase classname="" name="test_postextract_foreign_bytes_are_preserved_before_inventory[unknown-file]" time="0.287" /><testcase classname="" name="test_postextract_foreign_bytes_are_preserved_before_inventory[unknown-empty-dir]" time="0.287" /><testcase classname="" name="test_postextract_foreign_bytes_are_preserved_before_inventory[prior-note]" time="0.302" /><testcase classname="" name="test_postextract_foreign_bytes_are_preserved_before_inventory[changed-lock]" time="0.287" /><testcase classname="" name="test_known_stage_ownership_is_rechecked_before_old_move[unknown-file-after_replace_staged]" time="0.293" /><testcase classname="" name="test_known_stage_ownership_is_rechecked_before_old_move[unknown-file-before_old_archive]" time="0.310" /><testcase classname="" name="test_known_stage_ownership_is_rechecked_before_old_move[unknown-empty-dir-after_replace_staged]" time="0.292" /><testcase classname="" name="test_known_stage_ownership_is_rechecked_before_old_move[unknown-empty-dir-before_old_archive]" time="0.321" /><testcase classname="" name="test_known_stage_ownership_is_rechecked_before_old_move[changed-lock-after_replace_staged]" time="0.303" /><testcase classname="" name="test_known_stage_ownership_is_rechecked_before_old_move[changed-lock-before_old_archive]" time="0.293" /><testcase classname="" name="test_nested_live_listing_metadata_and_native_reuse" time="0.131" /><testcase classname="" name="test_nested_archive_restore_complete_set_and_retries[False]" time="0.028" /><testcase classname="" name="test_nested_archive_restore_complete_set_and_retries[True]" time="0.029" /><testcase classname="" name="test_nested_replace_retains_complete_old_archive[False]" time="0.315" /><testcase classname="" name="test_nested_replace_retains_complete_old_archive[True]" time="0.317" /><testcase classname="" name="test_nested_unsafe_archive_refusal_preserves_live[file-symlink]" time="0.008" /><testcase classname="" name="test_nested_unsafe_archive_refusal_preserves_live[directory-symlink]" time="0.005" /><testcase classname="" name="test_nested_unsafe_archive_refusal_preserves_live[hardlink]" time="0.006" /><testcase classname="" name="test_nested_unsafe_archive_refusal_preserves_live[binary]" time="0.006" /><testcase classname="" name="test_nested_unsafe_archive_refusal_preserves_live[oversize]" time="0.009" /><testcase classname="" name="test_same_paper_restore_then_replace_history_is_proven[False]" time="0.318" /><testcase classname="" name="test_same_paper_restore_then_replace_history_is_proven[True]" time="0.353" /><testcase classname="" name="test_restore_replace_requires_unique_exact_retained_successor[duplicate-successor]" time="0.311" /><testcase classname="" name="test_restore_replace_requires_unique_exact_retained_successor[event-id]" time="0.324" /><testcase classname="" name="test_restore_replace_requires_unique_exact_retained_successor[retained-note]" time="0.358" /><testcase classname="" name="test_restore_replace_requires_unique_exact_retained_successor[missing-payload]" time="0.321" /><testcase classname="" name="test_parser_limits_are_closed_before_backend[knowledge-deep-array]" time="0.003" /><testcase classname="" name="test_parser_limits_are_closed_before_backend[knowledge-huge-integer]" time="0.003" /><testcase classname="" name="test_parser_limits_are_closed_before_backend[compare-deep-array]" time="0.003" /><testcase classname="" name="test_parser_limits_are_closed_before_backend[compare-huge-integer]" time="0.004" /><testcase classname="" name="test_knowledge_wrong_paper_unknown_and_reuse" time="1.029" /><testcase classname="" name="test_metadata_stales_context_and_preserves_source_notes" time="0.106" /><testcase classname="" name="test_archive_restore_preserves_complete_paper_and_retry" time="0.029" /><testcase classname="" name="test_shared_workspace_lock_blocks_native_add_and_metadata" time="0.132" /><testcase classname="" name="test_native_add_checks_workspace_lock_before_paper_layout" time="0.133" /><testcase classname="" name="test_comparison_rejects_cross_paper_and_existing_output" time="0.760" /><testcase classname="" name="test_backup_roundtrip_history_external_and_tamper" time="0.861" /><testcase classname="" name="test_backup_refuses_unsupported_file_without_silent_omission" time="0.030" /></testsuite></testsuites>