<?xml version="1.0" encoding="utf-8"?><testsuites name="pytest tests"><testsuite name="pytest" errors="0" failures="0" skipped="0" tests="7" time="0.461" timestamp="2026-09-08T13:08:59.239750+08:00" hostname="HuangzhanpengdeMacBook-Pro.local"><testcase classname=".work.acceptance.lightweight-library-v1.architect_t2_history_checks_r2" name="test_archive_restore_archive_has_unambiguous_recoverable_history" time="0.019" /><testcase classname=".work.acceptance.lightweight-library-v1.architect_t2_history_checks_r2" name="test_replacement_new_paper_archive_restore_history" time="0.291" /><testcase classname=".work.acceptance.lightweight-library-v1.architect_t2_history_checks_r2" name="test_completed_history_validates_retained_archive_event[schema]" time="0.010" /><testcase classname=".work.acceptance.lightweight-library-v1.architect_t2_history_checks_r2" name="test_completed_history_validates_retained_archive_event[operation_id]" time="0.010" /><testcase classname=".work.acceptance.lightweight-library-v1.architect_t2_history_checks_r2" name="test_completed_history_validates_retained_archive_event[state]" time="0.010" /><testcase classname=".work.acceptance.lightweight-library-v1.architect_t2_history_checks_r2" name="test_completed_history_validates_retained_archive_event[unknown-field]" time="0.009" /><testcase classname=".work.acceptance.lightweight-library-v1.architect_t2_history_checks_r2" name="test_duplicate_successor_claim_does_not_authorize_historical_reuse" time="0.011" /></testsuite></testsuites>