<?xml version="1.0" encoding="utf-8"?><testsuites name="pytest tests"><testsuite name="pytest" errors="0" failures="0" skipped="0" tests="23" time="1.072" timestamp="2026-09-08T12:33:54.093514+08:00" hostname="HuangzhanpengdeMacBook-Pro.local"><testcase classname=".work.acceptance.lightweight-library-v1.architect_t2_regressions" name="test_metadata_never_overwrites_unowned_temporary_file[False]" time="0.007" /><testcase classname=".work.acceptance.lightweight-library-v1.architect_t2_regressions" name="test_metadata_never_overwrites_unowned_temporary_file[True]" time="0.006" /><testcase classname=".work.acceptance.lightweight-library-v1.architect_t2_regressions" name="test_native_add_workspace_lock_precedes_paper_layout" time="0.267" /><testcase classname=".work.acceptance.lightweight-library-v1.architect_t2_regressions" name="test_archive_recovery_checks_moved_payload_again" time="0.010" /><testcase classname=".work.acceptance.lightweight-library-v1.architect_t2_regressions" name="test_restore_recovery_checks_live_payload_again" time="0.010" /><testcase classname=".work.acceptance.lightweight-library-v1.architect_t2_regressions" name="test_replace_recovery_validates_staged_inventory_before_old_move" time="0.287" /><testcase classname=".work.acceptance.lightweight-library-v1.architect_t2_regressions" name="test_pre_staging_recovery_preserves_foreign_nested_content" time="0.012" /><testcase classname=".work.acceptance.lightweight-library-v1.architect_t2_regressions" name="test_changed_journal_paths_are_refused_before_move" time="0.006" /><testcase classname=".work.acceptance.lightweight-library-v1.architect_t2_regressions" name="test_exact_replace_retry_reuses_same_event" time="0.286" /><testcase classname=".work.acceptance.lightweight-library-v1.architect_t2_regressions" name="test_backup_rechecks_after_archive_construction_before_publish" time="0.002" /><testcase classname=".work.acceptance.lightweight-library-v1.architect_t2_regressions" name="test_restore_preserves_existing_archived_restoration_record" time="0.004" /><testcase classname=".work.acceptance.lightweight-library-v1.architect_t2_regressions" name="test_backup_of_restored_workspace_preserves_prior_record" time="0.006" /><testcase classname=".work.acceptance.lightweight-library-v1.architect_t2_regressions" name="test_verify_validates_all_manifest_identity_and_rows[workspace-id]" time="0.002" /><testcase classname=".work.acceptance.lightweight-library-v1.architect_t2_regressions" name="test_verify_validates_all_manifest_identity_and_rows[workspace-root]" time="0.002" /><testcase classname=".work.acceptance.lightweight-library-v1.architect_t2_regressions" name="test_verify_validates_all_manifest_identity_and_rows[extra-row]" time="0.002" /><testcase classname=".work.acceptance.lightweight-library-v1.architect_t2_regressions" name="test_verify_validates_all_manifest_identity_and_rows[exclusions]" time="0.002" /><testcase classname=".work.acceptance.lightweight-library-v1.architect_t2_regressions" name="test_verify_validates_all_manifest_identity_and_rows[trailing-nonobject-file]" time="0.002" /><testcase classname=".work.acceptance.lightweight-library-v1.architect_t2_regressions" name="test_verify_enforces_fixed_zip_member_metadata[symlink-mode]" time="0.002" /><testcase classname=".work.acceptance.lightweight-library-v1.architect_t2_regressions" name="test_verify_enforces_fixed_zip_member_metadata[public-mode]" time="0.002" /><testcase classname=".work.acceptance.lightweight-library-v1.architect_t2_regressions" name="test_verify_enforces_fixed_zip_member_metadata[manifest-time]" time="0.002" /><testcase classname=".work.acceptance.lightweight-library-v1.architect_t2_regressions" name="test_verify_enforces_fixed_zip_member_metadata[extra-field]" time="0.002" /><testcase classname=".work.acceptance.lightweight-library-v1.architect_t2_regressions" name="test_verify_enforces_fixed_zip_member_metadata[zip64-version]" time="0.002" /><testcase classname=".work.acceptance.lightweight-library-v1.architect_t2_regressions" name="test_backup_input_chain_cannot_traverse_symlink" time="0.002" /></testsuite></testsuites>