<?xml version="1.0" encoding="utf-8"?><testsuites name="pytest tests"><testsuite name="pytest" errors="0" failures="0" skipped="0" tests="29" time="9.948" timestamp="2026-09-08T12:55:31.839987+08:00" hostname="HuangzhanpengdeMacBook-Pro.local"><testcase classname=".work.acceptance.lightweight-library-v1.architect_t1_regressions" name="test_successful_publication_leaves_no_pending_stage" time="0.404" /><testcase classname=".work.acceptance.lightweight-library-v1.architect_t1_regressions" name="test_record_reuse_refuses_unrecognized_directory_entries[symlink-dir]" time="0.413" /><testcase classname=".work.acceptance.lightweight-library-v1.architect_t1_regressions" name="test_record_reuse_refuses_unrecognized_directory_entries[empty-dir]" time="0.419" /><testcase classname=".work.acceptance.lightweight-library-v1.architect_t1_regressions" name="test_edited_record_cannot_be_current_or_supply_new_concepts" time="0.372" /><testcase classname=".work.acceptance.lightweight-library-v1.architect_t1_regressions" name="test_related_paper_links_resolve_to_existing_siblings" time="0.762" /><testcase classname=".work.acceptance.lightweight-library-v1.architect_t1_regressions" name="test_unknown_current_pointer_is_preserved" time="0.451" /><testcase classname=".work.acceptance.lightweight-library-v1.architect_t1_regressions" name="test_missing_knowledge_wrapper_field_closes_without_traceback[coverage]" time="0.074" /><testcase classname=".work.acceptance.lightweight-library-v1.architect_t1_regressions" name="test_missing_knowledge_wrapper_field_closes_without_traceback[paper_snapshot]" time="0.077" /><testcase classname=".work.acceptance.lightweight-library-v1.architect_t1_regressions" name="test_missing_knowledge_wrapper_field_closes_without_traceback[prompt]" time="0.072" /><testcase classname=".work.acceptance.lightweight-library-v1.architect_t1_regressions" name="test_missing_comparison_wrapper_field_closes_without_traceback" time="0.112" /><testcase classname=".work.acceptance.lightweight-library-v1.architect_t1_regressions" name="test_hardlinked_source_is_refused" time="0.021" /><testcase classname=".work.acceptance.lightweight-library-v1.architect_t1_regressions" name="test_interrupted_staging_does_not_discard_unknown_edits[payload]" time="0.407" /><testcase classname=".work.acceptance.lightweight-library-v1.architect_t1_regressions" name="test_interrupted_staging_does_not_discard_unknown_edits[ownership-target]" time="0.413" /><testcase classname=".work.acceptance.lightweight-library-v1.architect_t1_regressions" name="test_source_change_during_render_refuses_publication" time="0.165" /><testcase classname=".work.acceptance.lightweight-library-v1.architect_t1_r2_additional" name="test_duplicate_paper_selection_is_not_silently_rewritten" time="0.099" /><testcase classname=".work.acceptance.lightweight-library-v1.architect_t1_r2_additional" name="test_table_cells_have_real_citation_links" time="0.257" /><testcase classname=".work.acceptance.lightweight-library-v1.architect_t1_r2_additional" name="test_table_conditions_are_escaped_exactly_once" time="0.259" /><testcase classname=".work.acceptance.lightweight-library-v1.architect_t1_r2_additional" name="test_unhashable_comparability_is_closed[bad0]" time="0.202" /><testcase classname=".work.acceptance.lightweight-library-v1.architect_t1_r2_additional" name="test_unhashable_comparability_is_closed[bad1]" time="0.204" /><testcase classname=".work.acceptance.lightweight-library-v1.architect_t1_r2_additional" name="test_missing_prior_current_target_is_preserved" time="0.432" /><testcase classname=".work.acceptance.lightweight-library-v1.architect_t1_r2_additional" name="test_missing_prior_head_target_is_preserved" time="0.411" /><testcase classname=".work.acceptance.lightweight-library-v1.architect_t1_r2_additional" name="test_record_unknown_manifest_or_identity_fields_are_conflict[manifest.json]" time="0.330" /><testcase classname=".work.acceptance.lightweight-library-v1.architect_t1_r2_additional" name="test_record_unknown_manifest_or_identity_fields_are_conflict[identity.json]" time="0.334" /><testcase classname=".work.acceptance.lightweight-library-v1.architect_t1_r2_additional" name="test_valid_prior_pointer_can_advance_to_new_record_and_view" time="0.767" /><testcase classname=".work.acceptance.lightweight-library-v1.architect_t1_r3_additional" name="test_heads_key_must_match_referenced_record_paper" time="0.469" /><testcase classname=".work.acceptance.lightweight-library-v1.architect_t1_r3_additional" name="test_current_view_cannot_borrow_foreign_missing_record_references" time="0.441" /><testcase classname=".work.acceptance.lightweight-library-v1.architect_t1_r3_additional" name="test_record_redundant_snapshots_are_bound_to_original_wrapper" time="0.331" /><testcase classname=".work.acceptance.lightweight-library-v1.architect_t1_r3_additional" name="test_citation_title_newline_does_not_split_markdown_table" time="0.272" /><testcase classname=".work.acceptance.lightweight-library-v1.architect_t1_r3_additional" name="test_complete_workspace_relocation_preserves_valid_old_view_and_advance" time="0.874" /></testsuite></testsuites>